
Logging initialized using configuration in jar:file:/home/hadoop/.versions/hive-0.13.1/lib/hive-common-0.13.1.jar!/hive-log4j.properties
Total jobs = 6
14/12/03 20:26:03 WARN conf.Configuration: file:/mnt/var/lib/hive/tmp/local-hadoop/hive_2014-12-03_20-25-57_650_9124855106886083656-1/-local-10015/jobconf.xml:an attempt to override final parameter: mapreduce.job.end-notification.max.retry.interval;  Ignoring.
14/12/03 20:26:03 WARN conf.Configuration: file:/mnt/var/lib/hive/tmp/local-hadoop/hive_2014-12-03_20-25-57_650_9124855106886083656-1/-local-10015/jobconf.xml:an attempt to override final parameter: mapreduce.job.end-notification.max.attempts;  Ignoring.
Execution log at: /mnt/var/log/apps//hadoop-exec-hadoop_20141203202626_f0775231-e5a6-4486-a9ee-e672b1e820e6.log
2014-12-03 08:26:04	Starting to launch local task to process map join;	maximum memory = 932184064
2014-12-03 08:26:06	Dump the side-table for tag: 0 with group count: 1306 into file: file:/mnt/var/lib/hive/tmp/local-hadoop/hive_2014-12-03_20-25-57_650_9124855106886083656-1/-local-10012/HashTable-Stage-12/MapJoin-mapfile30--.hashtable
2014-12-03 08:26:06	Uploaded 1 File to: file:/mnt/var/lib/hive/tmp/local-hadoop/hive_2014-12-03_20-25-57_650_9124855106886083656-1/-local-10012/HashTable-Stage-12/MapJoin-mapfile30--.hashtable (71078 bytes)
2014-12-03 08:26:06	End of local task; Time Taken: 2.168 sec.
Execution completed successfully
MapredLocal task succeeded
Launching Job 1 out of 6
Number of reduce tasks is set to 0 since there's no reduce operator
Starting Job = job_1416678524241_0372, Tracking URL = http://10.69.82.228:9046/proxy/application_1416678524241_0372/
Kill Command = /home/hadoop/bin/hadoop job  -kill job_1416678524241_0372
Hadoop job information for Stage-12: number of mappers: 2; number of reducers: 0
2014-12-03 20:26:19,653 Stage-12 map = 0%,  reduce = 0%
2014-12-03 20:26:43,587 Stage-12 map = 50%,  reduce = 0%, Cumulative CPU 16.27 sec
2014-12-03 20:26:46,697 Stage-12 map = 76%,  reduce = 0%, Cumulative CPU 18.01 sec
2014-12-03 20:26:48,772 Stage-12 map = 100%,  reduce = 0%, Cumulative CPU 18.69 sec
MapReduce Total cumulative CPU time: 18 seconds 690 msec
Ended Job = job_1416678524241_0372
Stage-14 is filtered out by condition resolver.
Stage-15 is selected by condition resolver.
Stage-5 is filtered out by condition resolver.
14/12/03 20:26:52 WARN conf.Configuration: file:/mnt/var/lib/hive/tmp/local-hadoop/hive_2014-12-03_20-25-57_650_9124855106886083656-1/-local-10019/jobconf.xml:an attempt to override final parameter: mapreduce.job.end-notification.max.retry.interval;  Ignoring.
14/12/03 20:26:52 WARN conf.Configuration: file:/mnt/var/lib/hive/tmp/local-hadoop/hive_2014-12-03_20-25-57_650_9124855106886083656-1/-local-10019/jobconf.xml:an attempt to override final parameter: mapreduce.job.end-notification.max.attempts;  Ignoring.
Execution log at: /mnt/var/log/apps//hadoop-exec-hadoop_20141203202626_f0775231-e5a6-4486-a9ee-e672b1e820e6.log
2014-12-03 08:26:53	Starting to launch local task to process map join;	maximum memory = 932184064
2014-12-03 08:26:56	Dump the side-table for tag: 0 with group count: 366 into file: file:/mnt/var/lib/hive/tmp/local-hadoop/hive_2014-12-03_20-25-57_650_9124855106886083656-1/-local-10010/HashTable-Stage-10/MapJoin-mapfile20--.hashtable
2014-12-03 08:26:56	Uploaded 1 File to: file:/mnt/var/lib/hive/tmp/local-hadoop/hive_2014-12-03_20-25-57_650_9124855106886083656-1/-local-10010/HashTable-Stage-10/MapJoin-mapfile20--.hashtable (1949920 bytes)
2014-12-03 08:26:56	End of local task; Time Taken: 2.574 sec.
Execution completed successfully
MapredLocal task succeeded
Launching Job 3 out of 6
Number of reduce tasks is set to 0 since there's no reduce operator
Starting Job = job_1416678524241_0374, Tracking URL = http://10.69.82.228:9046/proxy/application_1416678524241_0374/
Kill Command = /home/hadoop/bin/hadoop job  -kill job_1416678524241_0374
Hadoop job information for Stage-10: number of mappers: 1; number of reducers: 0
2014-12-03 20:27:16,962 Stage-10 map = 0%,  reduce = 0%
2014-12-03 20:27:31,449 Stage-10 map = 100%,  reduce = 0%, Cumulative CPU 5.63 sec
MapReduce Total cumulative CPU time: 5 seconds 630 msec
Ended Job = job_1416678524241_0374
14/12/03 20:27:35 WARN conf.Configuration: file:/mnt/var/lib/hive/tmp/local-hadoop/hive_2014-12-03_20-25-57_650_9124855106886083656-1/-local-10023/jobconf.xml:an attempt to override final parameter: mapreduce.job.end-notification.max.retry.interval;  Ignoring.
14/12/03 20:27:35 WARN conf.Configuration: file:/mnt/var/lib/hive/tmp/local-hadoop/hive_2014-12-03_20-25-57_650_9124855106886083656-1/-local-10023/jobconf.xml:an attempt to override final parameter: mapreduce.job.end-notification.max.attempts;  Ignoring.
Execution log at: /mnt/var/log/apps//hadoop-exec-hadoop_20141203202626_f0775231-e5a6-4486-a9ee-e672b1e820e6.log
2014-12-03 08:27:36	Starting to launch local task to process map join;	maximum memory = 932184064
2014-12-03 08:27:37	Dump the side-table for tag: 1 with group count: 12 into file: file:/mnt/var/lib/hive/tmp/local-hadoop/hive_2014-12-03_20-25-57_650_9124855106886083656-1/-local-10006/HashTable-Stage-2/MapJoin-mapfile01--.hashtable
2014-12-03 08:27:37	Uploaded 1 File to: file:/mnt/var/lib/hive/tmp/local-hadoop/hive_2014-12-03_20-25-57_650_9124855106886083656-1/-local-10006/HashTable-Stage-2/MapJoin-mapfile01--.hashtable (662 bytes)
2014-12-03 08:27:37	End of local task; Time Taken: 0.98 sec.
Execution completed successfully
MapredLocal task succeeded
Launching Job 4 out of 6
Number of reduce tasks not specified. Estimated from input data size: 1
In order to change the average load for a reducer (in bytes):
  set hive.exec.reducers.bytes.per.reducer=<number>
In order to limit the maximum number of reducers:
  set hive.exec.reducers.max=<number>
In order to set a constant number of reducers:
  set mapreduce.job.reduces=<number>
Starting Job = job_1416678524241_0376, Tracking URL = http://10.69.82.228:9046/proxy/application_1416678524241_0376/
Kill Command = /home/hadoop/bin/hadoop job  -kill job_1416678524241_0376
Hadoop job information for Stage-2: number of mappers: 1; number of reducers: 1
2014-12-03 20:27:49,983 Stage-2 map = 0%,  reduce = 0%
2014-12-03 20:28:04,456 Stage-2 map = 100%,  reduce = 0%, Cumulative CPU 8.63 sec
2014-12-03 20:28:14,797 Stage-2 map = 100%,  reduce = 100%, Cumulative CPU 13.02 sec
MapReduce Total cumulative CPU time: 13 seconds 20 msec
Ended Job = job_1416678524241_0376
Launching Job 5 out of 6
Number of reduce tasks determined at compile time: 1
In order to change the average load for a reducer (in bytes):
  set hive.exec.reducers.bytes.per.reducer=<number>
In order to limit the maximum number of reducers:
  set hive.exec.reducers.max=<number>
In order to set a constant number of reducers:
  set mapreduce.job.reduces=<number>
Starting Job = job_1416678524241_0378, Tracking URL = http://10.69.82.228:9046/proxy/application_1416678524241_0378/
Kill Command = /home/hadoop/bin/hadoop job  -kill job_1416678524241_0378
Hadoop job information for Stage-3: number of mappers: 1; number of reducers: 1
2014-12-03 20:28:26,271 Stage-3 map = 0%,  reduce = 0%
2014-12-03 20:28:44,802 Stage-3 map = 100%,  reduce = 0%, Cumulative CPU 3.85 sec
2014-12-03 20:28:55,110 Stage-3 map = 100%,  reduce = 100%, Cumulative CPU 6.63 sec
MapReduce Total cumulative CPU time: 6 seconds 630 msec
Ended Job = job_1416678524241_0378
MapReduce Jobs Launched: 
Job 0: Map: 2   Cumulative CPU: 18.69 sec   HDFS Read: 388576995 HDFS Write: 2423997 SUCCESS
Job 1: Map: 1   Cumulative CPU: 5.63 sec   HDFS Read: 10317649 HDFS Write: 2776916 SUCCESS
Job 2: Map: 1  Reduce: 1   Cumulative CPU: 13.02 sec   HDFS Read: 2777284 HDFS Write: 197926 SUCCESS
Job 3: Map: 1  Reduce: 1   Cumulative CPU: 6.63 sec   HDFS Read: 198294 HDFS Write: 6545 SUCCESS
Total MapReduce CPU Time Spent: 43 seconds 970 msec
OK
Electronics	musical	corpunivamalg #4	ation	Unknown	9	NULL
Electronics	musical	corpunivamalg #2	bar	Unknown	8	NULL
Electronics	musical	corpunivamalg #2	ese	Unknown	4	NULL
Home	wallpaper	exportinameless #2	ought	Unknown	2	NULL
Home	wallpaper	exportinameless #5	ought	Unknown	2	NULL
Electronics	musical	corpunivamalg #7	ation	Unknown	5	0.0
Home	wallpaper	exportinameless #6	bar	Unknown	2	0.0
Home	wallpaper	exportinameless #4	bar	Unknown	2	0.0
Electronics	musical	corpunivamalg #6	eing	Unknown	2	0.0
Electronics	musical	corpunivamalg #12	ought	Unknown	7	0.0
Jewelry	birdal	amalgcorp #1	eing	Unknown	2	0.3700000047683716
Electronics	musical	corpunivamalg #12	eing	Unknown	2	0.49000000953674316
Electronics	musical	corpunivamalg #4	bar	Unknown	2	0.5799999833106995
Jewelry	birdal	amalgcorp #5	ese	Unknown	4	0.7799999713897705
Home	wallpaper	exportinameless #9	bar	Unknown	1	0.8500000238418579
Home	wallpaper	exportinameless #8	able	Unknown	6	0.8700000047683716
Electronics	musical	corpunivamalg #5	ese	Unknown	4	0.9399999976158142
Home	wallpaper	exportinameless #5	eing	Unknown	2	1.0700000524520874
Electronics	musical	corpunivamalg #6	able	Unknown	1	1.090000033378601
Home	wallpaper	exportinameless #3	ation	Unknown	1	1.159999966621399
Electronics	musical	corpunivamalg #3	ation	Unknown	10	1.1699999570846558
Electronics	musical	corpunivamalg #7	bar	Unknown	4	1.3700000047683716
Jewelry	birdal	amalgcorp #5	bar	Unknown	7	1.3899999856948853
Home	wallpaper	exportinameless #5	ought	Unknown	5	1.5099999904632568
Home	wallpaper	exportinameless #4	ought	Unknown	5	1.5199999809265137
Home	wallpaper	exportinameless #2	ought	Unknown	6	1.5499999523162842
Home	wallpaper	exportinameless #3	ought	Unknown	3	1.649999976158142
Jewelry	birdal	amalgcorp #4	able	Unknown	4	1.6799999475479126
Jewelry	birdal	amalgcorp #3	ese	Unknown	6	1.8600000143051147
Electronics	musical	corpunivamalg #6	able	Unknown	5	1.9500000476837158
Home	wallpaper	exportinameless #5	ought	Unknown	1	2.0
Electronics	musical	corpunivamalg #2	bar	Unknown	10	2.0199999809265137
Home	wallpaper	exportinameless #7	bar	Unknown	2	2.0799999237060547
Electronics	musical	corpunivamalg #3	bar	Unknown	8	2.299999952316284
Electronics	musical	corpunivamalg #5	able	Unknown	3	2.3499999046325684
Electronics	musical	corpunivamalg #8	able	Unknown	7	2.5399999618530273
Electronics	musical	corpunivamalg #5	eing	Unknown	8	2.7100000381469727
Home	wallpaper	exportinameless #5	ese	Unknown	1	2.75
Electronics	musical	corpunivamalg #16	ought	Unknown	4	2.9100000858306885
Home	wallpaper	exportinameless #8	ese	Unknown	3	3.0
Jewelry	birdal	amalgcorp #7	ation	Unknown	2	3.069999933242798
Electronics	musical	corpunivamalg #4	ought	Unknown	4	3.0899999141693115
Electronics	musical	corpunivamalg #12	bar	Unknown	5	3.1299999952316284
Jewelry	birdal	amalgcorp #7	eing	Unknown	4	3.1700000762939453
Electronics	musical	corpunivamalg #9	able	Unknown	12	3.240000009536743
Electronics	musical	corpunivamalg #4	eing	Unknown	2	3.309999942779541
Electronics	musical	corpunivamalg #8	able	Unknown	2	3.390000104904175
Electronics	musical	corpunivamalg #3	ought	Unknown	9	3.4800000190734863
Jewelry	birdal	amalgcorp #5	eing	Unknown	5	3.5
Home	wallpaper	exportinameless #7	bar	Unknown	7	3.559999942779541
Books	parenting	corpmaxi #2	ese	Unknown	2	3.569999933242798
Home	wallpaper	exportinameless #2	ation	Unknown	5	3.680000066757202
Electronics	musical	corpunivamalg #5	ought	Unknown	5	3.7300000190734863
Electronics	musical	corpunivamalg #12	able	Unknown	3	3.890000104904175
Electronics	musical	corpunivamalg #4	ought	Unknown	7	3.9600000381469727
Electronics	musical	corpunivamalg #4	bar	Unknown	1	4.079999923706055
Electronics	musical	corpunivamalg #17	eing	Unknown	6	4.150000095367432
Jewelry	birdal	amalgcorp #4	able	Unknown	5	4.369999885559082
Electronics	musical	corpunivamalg #9	able	Unknown	3	4.389999866485596
Books	parenting	corpmaxi #9	eing	Unknown	7	4.539999961853027
Home	wallpaper	exportinameless #9	eing	Unknown	2	4.599999904632568
Jewelry	birdal	amalgcorp #3	ought	Unknown	7	4.659999847412109
Books	parenting	corpmaxi #5	ation	Unknown	1	4.730000019073486
Electronics	musical	corpunivamalg #7	eing	Unknown	4	4.730000019073486
Electronics	musical	corpunivamalg #12	ese	Unknown	2	4.769999980926514
Electronics	musical	corpunivamalg #3	able	Unknown	7	4.809999942779541
Electronics	musical	corpunivamalg #2	ought	Unknown	1	4.860000133514404
Electronics	musical	corpunivamalg #2	ese	Unknown	7	4.869999885559082
Jewelry	birdal	amalgcorp #4	ese	Unknown	4	5.059999942779541
Electronics	musical	corpunivamalg #2	bar	Unknown	1	5.110000133514404
Electronics	musical	corpunivamalg #16	able	Unknown	2	5.239999771118164
Electronics	musical	corpunivamalg #6	able	Unknown	7	5.28000020980835
Home	wallpaper	exportinameless #7	ation	Unknown	5	5.289999961853027
Jewelry	birdal	amalgcorp #1	eing	Unknown	7	5.349999904632568
Jewelry	birdal	amalgcorp #1	ation	Unknown	6	5.489999771118164
Jewelry	birdal	amalgcorp #3	ought	Unknown	11	5.510000228881836
Books	parenting	corpmaxi #2	ation	Unknown	2	5.620000123977661
Electronics	musical	corpunivamalg #4	ought	Unknown	1	5.650000095367432
Electronics	musical	corpunivamalg #12	able	Unknown	1	5.689999803900719
Home	wallpaper	exportinameless #8	able	Unknown	3	5.710000038146973
Home	wallpaper	exportinameless #6	ation	Unknown	3	5.740000128746033
Electronics	musical	corpunivamalg #3	ation	Unknown	2	5.789999961853027
Jewelry	birdal	amalgcorp #3	able	Unknown	5	5.820000171661377
Electronics	musical	corpunivamalg #4	ese	Unknown	10	6.0
Home	wallpaper	exportinameless #3	able	Unknown	1	6.039999961853027
Home	wallpaper	exportinameless #9	ese	Unknown	5	6.210000038146973
Home	wallpaper	exportinameless #7	ese	Unknown	3	6.309999942779541
Home	wallpaper	exportinameless #3	ought	Unknown	1	6.570000171661377
Electronics	musical	corpunivamalg #17	eing	Unknown	9	6.610000133514404
Home	wallpaper	exportinameless #2	ought	Unknown	5	6.640000104904175
Jewelry	birdal	amalgcorp #4	eing	Unknown	6	6.659999847412109
Electronics	musical	corpunivamalg #12	eing	Unknown	9	6.71999979019165
Home	wallpaper	exportinameless #4	ought	Unknown	3	6.75
Home	wallpaper	exportinameless #9	ought	Unknown	6	6.800000190734863
Electronics	musical	corpunivamalg #9	able	Unknown	4	6.840000152587891
Home	wallpaper	exportinameless #7	bar	Unknown	4	6.860000133514404
Home	wallpaper	exportinameless #10	ought	Unknown	3	6.879999876022339
Electronics	musical	corpunivamalg #6	bar	Unknown	6	6.96999979019165
Home	wallpaper	exportinameless #5	able	Unknown	1	7.099999830126762
Electronics	musical	corpunivamalg #3	bar	Unknown	11	7.21999979019165
Time taken: 178.916 seconds, Fetched: 100 row(s)
