
Logging initialized using configuration in jar:file:/home/hadoop/.versions/hive-0.13.1/lib/hive-common-0.13.1.jar!/hive-log4j.properties
Total jobs = 18
Stage-38 is selected by condition resolver.
Stage-4 is filtered out by condition resolver.
Stage-42 is selected by condition resolver.
Stage-8 is filtered out by condition resolver.
14/12/03 20:19:21 WARN conf.Configuration: file:/mnt/var/lib/hive/tmp/local-hadoop/hive_2014-12-03_20-19-14_962_4280177509837441834-1/-local-10032/jobconf.xml:an attempt to override final parameter: mapreduce.job.end-notification.max.retry.interval;  Ignoring.
14/12/03 20:19:21 WARN conf.Configuration: file:/mnt/var/lib/hive/tmp/local-hadoop/hive_2014-12-03_20-19-14_962_4280177509837441834-1/-local-10032/jobconf.xml:an attempt to override final parameter: mapreduce.job.end-notification.max.attempts;  Ignoring.
Execution log at: /mnt/var/log/apps//hadoop-exec-hadoop_20141203201919_6517d2f7-61e3-4ab5-822d-a349bdbb4c53.log
2014-12-03 08:19:22	Starting to launch local task to process map join;	maximum memory = 932184064
2014-12-03 08:19:24	Dump the side-table for tag: 1 with group count: 73049 into file: file:/mnt/var/lib/hive/tmp/local-hadoop/hive_2014-12-03_20-19-14_962_4280177509837441834-1/-local-10021/HashTable-Stage-23/MapJoin-mapfile51--.hashtable
2014-12-03 08:19:25	Uploaded 1 File to: file:/mnt/var/lib/hive/tmp/local-hadoop/hive_2014-12-03_20-19-14_962_4280177509837441834-1/-local-10021/HashTable-Stage-23/MapJoin-mapfile51--.hashtable (2724070 bytes)
2014-12-03 08:19:25	End of local task; Time Taken: 2.469 sec.
Execution completed successfully
MapredLocal task succeeded
14/12/03 20:19:29 WARN conf.Configuration: file:/mnt/var/lib/hive/tmp/local-hadoop/hive_2014-12-03_20-19-14_962_4280177509837441834-1/-local-10034/jobconf.xml:an attempt to override final parameter: mapreduce.job.end-notification.max.retry.interval;  Ignoring.
14/12/03 20:19:29 WARN conf.Configuration: file:/mnt/var/lib/hive/tmp/local-hadoop/hive_2014-12-03_20-19-14_962_4280177509837441834-1/-local-10034/jobconf.xml:an attempt to override final parameter: mapreduce.job.end-notification.max.attempts;  Ignoring.
Execution log at: /mnt/var/log/apps//hadoop-exec-hadoop_20141203201919_6517d2f7-61e3-4ab5-822d-a349bdbb4c53.log
2014-12-03 08:19:31	Starting to launch local task to process map join;	maximum memory = 932184064
2014-12-03 08:19:33	Dump the side-table for tag: 1 with group count: 73049 into file: file:/mnt/var/lib/hive/tmp/local-hadoop/hive_2014-12-03_20-19-14_962_4280177509837441834-1/-local-10029/HashTable-Stage-30/MapJoin-mapfile101--.hashtable
2014-12-03 08:19:33	Uploaded 1 File to: file:/mnt/var/lib/hive/tmp/local-hadoop/hive_2014-12-03_20-19-14_962_4280177509837441834-1/-local-10029/HashTable-Stage-30/MapJoin-mapfile101--.hashtable (2724070 bytes)
2014-12-03 08:19:33	End of local task; Time Taken: 2.459 sec.
Execution completed successfully
MapredLocal task succeeded
Launching Job 3 out of 18
Number of reduce tasks is set to 0 since there's no reduce operator
Starting Job = job_1416678524241_0354, Tracking URL = http://10.69.82.228:9046/proxy/application_1416678524241_0354/
Kill Command = /home/hadoop/bin/hadoop job  -kill job_1416678524241_0354
Hadoop job information for Stage-23: number of mappers: 2; number of reducers: 0
2014-12-03 20:19:47,050 Stage-23 map = 0%,  reduce = 0%
2014-12-03 20:20:13,283 Stage-23 map = 76%,  reduce = 0%, Cumulative CPU 29.22 sec
2014-12-03 20:20:19,480 Stage-23 map = 100%,  reduce = 0%, Cumulative CPU 35.05 sec
MapReduce Total cumulative CPU time: 35 seconds 50 msec
Ended Job = job_1416678524241_0354
Launching Job 4 out of 18
Number of reduce tasks is set to 0 since there's no reduce operator
Starting Job = job_1416678524241_0356, Tracking URL = http://10.69.82.228:9046/proxy/application_1416678524241_0356/
Kill Command = /home/hadoop/bin/hadoop job  -kill job_1416678524241_0356
Hadoop job information for Stage-30: number of mappers: 2; number of reducers: 0
2014-12-03 20:20:31,690 Stage-30 map = 0%,  reduce = 0%
2014-12-03 20:20:57,888 Stage-30 map = 76%,  reduce = 0%, Cumulative CPU 28.62 sec
2014-12-03 20:21:04,118 Stage-30 map = 100%,  reduce = 0%, Cumulative CPU 33.39 sec
MapReduce Total cumulative CPU time: 33 seconds 390 msec
Ended Job = job_1416678524241_0356
Launching Job 5 out of 18
Number of reduce tasks not specified. Estimated from input data size: 1
In order to change the average load for a reducer (in bytes):
  set hive.exec.reducers.bytes.per.reducer=<number>
In order to limit the maximum number of reducers:
  set hive.exec.reducers.max=<number>
In order to set a constant number of reducers:
  set mapreduce.job.reduces=<number>
Starting Job = job_1416678524241_0358, Tracking URL = http://10.69.82.228:9046/proxy/application_1416678524241_0358/
Kill Command = /home/hadoop/bin/hadoop job  -kill job_1416678524241_0358
Hadoop job information for Stage-5: number of mappers: 1; number of reducers: 1
2014-12-03 20:21:17,428 Stage-5 map = 0%,  reduce = 0%
2014-12-03 20:21:33,995 Stage-5 map = 100%,  reduce = 0%, Cumulative CPU 3.66 sec
2014-12-03 20:21:47,406 Stage-5 map = 100%,  reduce = 100%, Cumulative CPU 7.35 sec
MapReduce Total cumulative CPU time: 7 seconds 350 msec
Ended Job = job_1416678524241_0358
Launching Job 6 out of 18
Number of reduce tasks not specified. Estimated from input data size: 1
In order to change the average load for a reducer (in bytes):
  set hive.exec.reducers.bytes.per.reducer=<number>
In order to limit the maximum number of reducers:
  set hive.exec.reducers.max=<number>
In order to set a constant number of reducers:
  set mapreduce.job.reduces=<number>
Starting Job = job_1416678524241_0361, Tracking URL = http://10.69.82.228:9046/proxy/application_1416678524241_0361/
Kill Command = /home/hadoop/bin/hadoop job  -kill job_1416678524241_0361
Hadoop job information for Stage-9: number of mappers: 1; number of reducers: 1
2014-12-03 20:21:58,667 Stage-9 map = 0%,  reduce = 0%
2014-12-03 20:22:09,999 Stage-9 map = 100%,  reduce = 0%, Cumulative CPU 3.71 sec
2014-12-03 20:22:20,362 Stage-9 map = 100%,  reduce = 100%, Cumulative CPU 7.53 sec
MapReduce Total cumulative CPU time: 7 seconds 530 msec
Ended Job = job_1416678524241_0361
14/12/03 20:22:25 WARN conf.Configuration: file:/mnt/var/lib/hive/tmp/local-hadoop/hive_2014-12-03_20-19-14_962_4280177509837441834-1/-local-10044/jobconf.xml:an attempt to override final parameter: mapreduce.job.end-notification.max.retry.interval;  Ignoring.
14/12/03 20:22:25 WARN conf.Configuration: file:/mnt/var/lib/hive/tmp/local-hadoop/hive_2014-12-03_20-19-14_962_4280177509837441834-1/-local-10044/jobconf.xml:an attempt to override final parameter: mapreduce.job.end-notification.max.attempts;  Ignoring.
Execution log at: /mnt/var/log/apps//hadoop-exec-hadoop_20141203201919_6517d2f7-61e3-4ab5-822d-a349bdbb4c53.log
2014-12-03 08:22:26	Starting to launch local task to process map join;	maximum memory = 932184064
2014-12-03 08:22:27	Dump the side-table for tag: 1 with group count: 12 into file: file:/mnt/var/lib/hive/tmp/local-hadoop/hive_2014-12-03_20-19-14_962_4280177509837441834-1/-local-10019/HashTable-Stage-22/MapJoin-mapfile41--.hashtable
2014-12-03 08:22:27	Uploaded 1 File to: file:/mnt/var/lib/hive/tmp/local-hadoop/hive_2014-12-03_20-19-14_962_4280177509837441834-1/-local-10019/HashTable-Stage-22/MapJoin-mapfile41--.hashtable (770 bytes)
2014-12-03 08:22:27	End of local task; Time Taken: 1.322 sec.
Execution completed successfully
MapredLocal task succeeded
14/12/03 20:22:33 WARN conf.Configuration: file:/mnt/var/lib/hive/tmp/local-hadoop/hive_2014-12-03_20-19-14_962_4280177509837441834-1/-local-10046/jobconf.xml:an attempt to override final parameter: mapreduce.job.end-notification.max.retry.interval;  Ignoring.
14/12/03 20:22:33 WARN conf.Configuration: file:/mnt/var/lib/hive/tmp/local-hadoop/hive_2014-12-03_20-19-14_962_4280177509837441834-1/-local-10046/jobconf.xml:an attempt to override final parameter: mapreduce.job.end-notification.max.attempts;  Ignoring.
Execution log at: /mnt/var/log/apps//hadoop-exec-hadoop_20141203201919_6517d2f7-61e3-4ab5-822d-a349bdbb4c53.log
2014-12-03 08:22:34	Starting to launch local task to process map join;	maximum memory = 932184064
2014-12-03 08:22:34	Dump the side-table for tag: 1 with group count: 12 into file: file:/mnt/var/lib/hive/tmp/local-hadoop/hive_2014-12-03_20-19-14_962_4280177509837441834-1/-local-10027/HashTable-Stage-29/MapJoin-mapfile91--.hashtable
2014-12-03 08:22:34	Uploaded 1 File to: file:/mnt/var/lib/hive/tmp/local-hadoop/hive_2014-12-03_20-19-14_962_4280177509837441834-1/-local-10027/HashTable-Stage-29/MapJoin-mapfile91--.hashtable (707 bytes)
2014-12-03 08:22:34	End of local task; Time Taken: 0.961 sec.
Execution completed successfully
MapredLocal task succeeded
Launching Job 7 out of 18
Number of reduce tasks is set to 0 since there's no reduce operator
Starting Job = job_1416678524241_0363, Tracking URL = http://10.69.82.228:9046/proxy/application_1416678524241_0363/
Kill Command = /home/hadoop/bin/hadoop job  -kill job_1416678524241_0363
Hadoop job information for Stage-22: number of mappers: 1; number of reducers: 0
2014-12-03 20:22:51,325 Stage-22 map = 0%,  reduce = 0%
2014-12-03 20:23:01,695 Stage-22 map = 100%,  reduce = 0%, Cumulative CPU 3.29 sec
MapReduce Total cumulative CPU time: 3 seconds 290 msec
Ended Job = job_1416678524241_0363
Launching Job 8 out of 18
Number of reduce tasks is set to 0 since there's no reduce operator
Starting Job = job_1416678524241_0364, Tracking URL = http://10.69.82.228:9046/proxy/application_1416678524241_0364/
Kill Command = /home/hadoop/bin/hadoop job  -kill job_1416678524241_0364
Hadoop job information for Stage-29: number of mappers: 1; number of reducers: 0
2014-12-03 20:23:27,724 Stage-29 map = 0%,  reduce = 0%
2014-12-03 20:23:37,162 Stage-29 map = 100%,  reduce = 0%, Cumulative CPU 3.0 sec
MapReduce Total cumulative CPU time: 3 seconds 0 msec
Ended Job = job_1416678524241_0364
Stage-35 is filtered out by condition resolver.
Stage-36 is selected by condition resolver.
Stage-7 is filtered out by condition resolver.
Stage-39 is filtered out by condition resolver.
Stage-40 is selected by condition resolver.
Stage-1 is filtered out by condition resolver.
14/12/03 20:23:43 WARN conf.Configuration: file:/mnt/var/lib/hive/tmp/local-hadoop/hive_2014-12-03_20-19-14_962_4280177509837441834-1/-local-10052/jobconf.xml:an attempt to override final parameter: mapreduce.job.end-notification.max.retry.interval;  Ignoring.
14/12/03 20:23:43 WARN conf.Configuration: file:/mnt/var/lib/hive/tmp/local-hadoop/hive_2014-12-03_20-19-14_962_4280177509837441834-1/-local-10052/jobconf.xml:an attempt to override final parameter: mapreduce.job.end-notification.max.attempts;  Ignoring.
Execution log at: /mnt/var/log/apps//hadoop-exec-hadoop_20141203201919_6517d2f7-61e3-4ab5-822d-a349bdbb4c53.log
2014-12-03 08:23:44	Starting to launch local task to process map join;	maximum memory = 932184064
2014-12-03 08:23:45	Dump the side-table for tag: 0 with group count: 262 into file: file:/mnt/var/lib/hive/tmp/local-hadoop/hive_2014-12-03_20-19-14_962_4280177509837441834-1/-local-10017/HashTable-Stage-20/MapJoin-mapfile30--.hashtable
2014-12-03 08:23:46	Uploaded 1 File to: file:/mnt/var/lib/hive/tmp/local-hadoop/hive_2014-12-03_20-19-14_962_4280177509837441834-1/-local-10017/HashTable-Stage-20/MapJoin-mapfile30--.hashtable (144532 bytes)
2014-12-03 08:23:46	End of local task; Time Taken: 1.713 sec.
Execution completed successfully
MapredLocal task succeeded
14/12/03 20:23:50 WARN conf.Configuration: file:/mnt/var/lib/hive/tmp/local-hadoop/hive_2014-12-03_20-19-14_962_4280177509837441834-1/-local-10054/jobconf.xml:an attempt to override final parameter: mapreduce.job.end-notification.max.retry.interval;  Ignoring.
14/12/03 20:23:50 WARN conf.Configuration: file:/mnt/var/lib/hive/tmp/local-hadoop/hive_2014-12-03_20-19-14_962_4280177509837441834-1/-local-10054/jobconf.xml:an attempt to override final parameter: mapreduce.job.end-notification.max.attempts;  Ignoring.
Execution log at: /mnt/var/log/apps//hadoop-exec-hadoop_20141203201919_6517d2f7-61e3-4ab5-822d-a349bdbb4c53.log
2014-12-03 08:23:51	Starting to launch local task to process map join;	maximum memory = 932184064
2014-12-03 08:23:52	Dump the side-table for tag: 0 with group count: 262 into file: file:/mnt/var/lib/hive/tmp/local-hadoop/hive_2014-12-03_20-19-14_962_4280177509837441834-1/-local-10025/HashTable-Stage-27/MapJoin-mapfile80--.hashtable
2014-12-03 08:23:52	Uploaded 1 File to: file:/mnt/var/lib/hive/tmp/local-hadoop/hive_2014-12-03_20-19-14_962_4280177509837441834-1/-local-10025/HashTable-Stage-27/MapJoin-mapfile80--.hashtable (136635 bytes)
2014-12-03 08:23:52	End of local task; Time Taken: 1.286 sec.
Execution completed successfully
MapredLocal task succeeded
Launching Job 11 out of 18
Number of reduce tasks is set to 0 since there's no reduce operator
Starting Job = job_1416678524241_0366, Tracking URL = http://10.69.82.228:9046/proxy/application_1416678524241_0366/
Kill Command = /home/hadoop/bin/hadoop job  -kill job_1416678524241_0366
Hadoop job information for Stage-20: number of mappers: 1; number of reducers: 0
2014-12-03 20:24:06,808 Stage-20 map = 0%,  reduce = 0%
2014-12-03 20:24:21,350 Stage-20 map = 100%,  reduce = 0%, Cumulative CPU 5.2 sec
MapReduce Total cumulative CPU time: 5 seconds 200 msec
Ended Job = job_1416678524241_0366
Launching Job 12 out of 18
Number of reduce tasks is set to 0 since there's no reduce operator
Starting Job = job_1416678524241_0367, Tracking URL = http://10.69.82.228:9046/proxy/application_1416678524241_0367/
Kill Command = /home/hadoop/bin/hadoop job  -kill job_1416678524241_0367
Hadoop job information for Stage-27: number of mappers: 1; number of reducers: 0
2014-12-03 20:24:37,746 Stage-27 map = 0%,  reduce = 0%
2014-12-03 20:24:50,105 Stage-27 map = 100%,  reduce = 0%, Cumulative CPU 5.17 sec
MapReduce Total cumulative CPU time: 5 seconds 170 msec
Ended Job = job_1416678524241_0367
Stage-33 is selected by condition resolver.
Stage-34 is filtered out by condition resolver.
Stage-2 is filtered out by condition resolver.
14/12/03 20:24:54 WARN conf.Configuration: file:/mnt/var/lib/hive/tmp/local-hadoop/hive_2014-12-03_20-19-14_962_4280177509837441834-1/-local-10060/jobconf.xml:an attempt to override final parameter: mapreduce.job.end-notification.max.retry.interval;  Ignoring.
14/12/03 20:24:54 WARN conf.Configuration: file:/mnt/var/lib/hive/tmp/local-hadoop/hive_2014-12-03_20-19-14_962_4280177509837441834-1/-local-10060/jobconf.xml:an attempt to override final parameter: mapreduce.job.end-notification.max.attempts;  Ignoring.
Execution log at: /mnt/var/log/apps//hadoop-exec-hadoop_20141203201919_6517d2f7-61e3-4ab5-822d-a349bdbb4c53.log
2014-12-03 08:24:55	Starting to launch local task to process map join;	maximum memory = 932184064
2014-12-03 08:24:56	Dump the side-table for tag: 1 with group count: 318 into file: file:/mnt/var/lib/hive/tmp/local-hadoop/hive_2014-12-03_20-19-14_962_4280177509837441834-1/-local-10011/HashTable-Stage-16/MapJoin-mapfile01--.hashtable
2014-12-03 08:24:56	Uploaded 1 File to: file:/mnt/var/lib/hive/tmp/local-hadoop/hive_2014-12-03_20-19-14_962_4280177509837441834-1/-local-10011/HashTable-Stage-16/MapJoin-mapfile01--.hashtable (191756 bytes)
2014-12-03 08:24:56	End of local task; Time Taken: 1.632 sec.
Execution completed successfully
MapredLocal task succeeded
Launching Job 14 out of 18
Number of reduce tasks is set to 0 since there's no reduce operator
Starting Job = job_1416678524241_0369, Tracking URL = http://10.69.82.228:9046/proxy/application_1416678524241_0369/
Kill Command = /home/hadoop/bin/hadoop job  -kill job_1416678524241_0369
Hadoop job information for Stage-16: number of mappers: 1; number of reducers: 0
2014-12-03 20:25:14,036 Stage-16 map = 0%,  reduce = 0%
2014-12-03 20:25:30,768 Stage-16 map = 100%,  reduce = 0%, Cumulative CPU 5.42 sec
MapReduce Total cumulative CPU time: 5 seconds 420 msec
Ended Job = job_1416678524241_0369
Launching Job 15 out of 18
Number of reduce tasks determined at compile time: 1
In order to change the average load for a reducer (in bytes):
  set hive.exec.reducers.bytes.per.reducer=<number>
In order to limit the maximum number of reducers:
  set hive.exec.reducers.max=<number>
In order to set a constant number of reducers:
  set mapreduce.job.reduces=<number>
Starting Job = job_1416678524241_0371, Tracking URL = http://10.69.82.228:9046/proxy/application_1416678524241_0371/
Kill Command = /home/hadoop/bin/hadoop job  -kill job_1416678524241_0371
Hadoop job information for Stage-3: number of mappers: 1; number of reducers: 1
2014-12-03 20:25:45,475 Stage-3 map = 0%,  reduce = 0%
2014-12-03 20:25:58,379 Stage-3 map = 100%,  reduce = 0%, Cumulative CPU 5.38 sec
2014-12-03 20:26:08,729 Stage-3 map = 100%,  reduce = 100%, Cumulative CPU 9.12 sec
MapReduce Total cumulative CPU time: 9 seconds 120 msec
Ended Job = job_1416678524241_0371
MapReduce Jobs Launched: 
Job 0: Map: 2   Cumulative CPU: 35.05 sec   HDFS Read: 388576995 HDFS Write: 286472 SUCCESS
Job 1: Map: 2   Cumulative CPU: 33.87 sec   HDFS Read: 388576995 HDFS Write: 286472 SUCCESS
Job 2: Map: 1  Reduce: 1   Cumulative CPU: 7.35 sec   HDFS Read: 287063 HDFS Write: 143670 SUCCESS
Job 3: Map: 1  Reduce: 1   Cumulative CPU: 7.53 sec   HDFS Read: 287063 HDFS Write: 143670 SUCCESS
Job 4: Map: 1   Cumulative CPU: 3.29 sec   HDFS Read: 144038 HDFS Write: 159900 SUCCESS
Job 5: Map: 1   Cumulative CPU: 3.0 sec   HDFS Read: 144038 HDFS Write: 151960 SUCCESS
Job 6: Map: 1   Cumulative CPU: 5.2 sec   HDFS Read: 10317649 HDFS Write: 218650 SUCCESS
Job 7: Map: 1   Cumulative CPU: 5.17 sec   HDFS Read: 10317649 HDFS Write: 208500 SUCCESS
Job 8: Map: 1   Cumulative CPU: 5.42 sec   HDFS Read: 219018 HDFS Write: 1517400 SUCCESS
Job 9: Map: 1  Reduce: 1   Cumulative CPU: 9.12 sec   HDFS Read: 1517768 HDFS Write: 15920 SUCCESS
Total MapReduce CPU Time Spent: 1 minutes 55 seconds 0 msec
OK
able	AAAAAAAACAAAAAAA	5153	0.7245042710221115	1.2884636790344508	0.6547709234195294	0.9163771387534054	1.0877356205220754	1.4306933338146097	1.0568322126672882
able	AAAAAAAACAAAAAAA	5153	0.7245042710221115	1.2884636790344508	0.6547709234195294	0.9163771387534054	1.0877356205220754	1.4306933338146097	1.0568322126672882
able	AAAAAAAACAAAAAAA	5153	0.7245042710221115	1.2884636790344508	0.6547709234195294	0.9163771387534054	1.0877356205220754	1.4306933338146097	1.0568322126672882
able	AAAAAAAACAAAAAAA	5153	0.7245042710221115	1.2884636790344508	0.6547709234195294	0.9163771387534054	1.0877356205220754	1.4306933338146097	1.0568322126672882
able	AAAAAAAACAAAAAAA	5153	0.7245042710221115	1.2884636790344508	0.6547709234195294	0.9163771387534054	1.0877356205220754	1.4306933338146097	1.0568322126672882
able	AAAAAAAACAAAAAAA	5153	0.7245042710221115	1.2884636790344508	0.6547709234195294	0.9163771387534054	1.0877356205220754	1.4306933338146097	1.0568322126672882
able	AAAAAAAACAAAAAAA	5153	0.7245042710221115	1.2884636790344508	0.6547709234195294	0.9163771387534054	1.0877356205220754	1.4306933338146097	1.0568322126672882
able	AAAAAAAACAAAAAAA	5153	0.7245042710221115	1.2884636790344508	0.6547709234195294	0.9163771387534054	1.0877356205220754	1.4306933338146097	1.0568322126672882
able	AAAAAAAACAAAAAAA	5153	0.7245042710221115	1.2884636790344508	0.6547709234195294	0.9163771387534054	1.0877356205220754	1.4306933338146097	1.0568322126672882
able	AAAAAAAACAAAAAAA	5153	0.7245042710221115	1.2884636790344508	0.6547709234195294	0.9163771387534054	1.0877356205220754	1.4306933338146097	1.0568322126672882
able	AAAAAAAACAAAAAAA	5153	0.7245042710221115	1.2884636790344508	0.6547709234195294	0.9163771387534054	1.0877356205220754	1.4306933338146097	1.0568322126672882
able	AAAAAAAACAAAAAAA	5153	0.7245042710221115	1.2884636790344508	0.6547709234195294	0.9163771387534054	1.0877356205220754	1.4306933338146097	1.0568322126672882
able	AAAAAAAACAAAAAAA	5153	0.7245042710221115	1.2884636790344508	0.6547709234195294	0.9163771387534054	1.0877356205220754	1.4306933338146097	1.0568322126672882
able	AAAAAAAACAAAAAAA	5153	0.7245042710221115	1.2884636790344508	0.6547709234195294	0.9163771387534054	1.0877356205220754	1.4306933338146097	1.0568322126672882
able	AAAAAAAACAAAAAAA	5153	0.7245042710221115	1.2884636790344508	0.6547709234195294	0.9163771387534054	1.0877356205220754	1.4306933338146097	1.0568322126672882
able	AAAAAAAACAAAAAAA	5153	0.7245042710221115	1.2884636790344508	0.6547709234195294	0.9163771387534054	1.0877356205220754	1.4306933338146097	1.0568322126672882
able	AAAAAAAACAAAAAAA	5153	0.7245042710221115	1.2884636790344508	0.6547709234195294	0.9163771387534054	1.0877356205220754	1.4306933338146097	1.0568322126672882
able	AAAAAAAACAAAAAAA	5153	0.7245042710221115	1.2884636790344508	0.6547709234195294	0.9163771387534054	1.0877356205220754	1.4306933338146097	1.0568322126672882
able	AAAAAAAACAAAAAAA	5153	0.7245042710221115	1.2884636790344508	0.6547709234195294	0.9163771387534054	1.0877356205220754	1.4306933338146097	1.0568322126672882
able	AAAAAAAACAAAAAAA	5153	0.7245042710221115	1.2884636790344508	0.6547709234195294	0.9163771387534054	1.0877356205220754	1.4306933338146097	1.0568322126672882
able	AAAAAAAACAAAAAAA	5154	1.1033656724581051	0.8969546835266771	1.0215338187013379	1.1569294594426176	1.1064815282143663	0.8962740786628202	1.694468930740555
able	AAAAAAAACAAAAAAA	5154	1.1033656724581051	0.8969546835266771	1.0215338187013379	1.1569294594426176	1.1064815282143663	0.8962740786628202	1.694468930740555
able	AAAAAAAACAAAAAAA	5154	1.1033656724581051	0.8969546835266771	1.0215338187013379	1.1569294594426176	1.1064815282143663	0.8962740786628202	1.694468930740555
able	AAAAAAAACAAAAAAA	5154	1.1033656724581051	0.8969546835266771	1.0215338187013379	1.1569294594426176	1.1064815282143663	0.8962740786628202	1.694468930740555
able	AAAAAAAACAAAAAAA	5154	1.1033656724581051	0.8969546835266771	1.0215338187013379	1.1569294594426176	1.1064815282143663	0.8962740786628202	1.694468930740555
able	AAAAAAAACAAAAAAA	5154	1.1033656724581051	0.8969546835266771	1.0215338187013379	1.1569294594426176	1.1064815282143663	0.8962740786628202	1.694468930740555
able	AAAAAAAACAAAAAAA	5154	1.1033656724581051	0.8969546835266771	1.0215338187013379	1.1569294594426176	1.1064815282143663	0.8962740786628202	1.694468930740555
able	AAAAAAAACAAAAAAA	5154	1.1033656724581051	0.8969546835266771	1.0215338187013379	1.1569294594426176	1.1064815282143663	0.8962740786628202	1.694468930740555
able	AAAAAAAACAAAAAAA	5154	1.1033656724581051	0.8969546835266771	1.0215338187013379	1.1569294594426176	1.1064815282143663	0.8962740786628202	1.694468930740555
able	AAAAAAAACAAAAAAA	5154	1.1033656724581051	0.8969546835266771	1.0215338187013379	1.1569294594426176	1.1064815282143663	0.8962740786628202	1.694468930740555
able	AAAAAAAACAAAAAAA	5154	1.1033656724581051	0.8969546835266771	1.0215338187013379	1.1569294594426176	1.1064815282143663	0.8962740786628202	1.694468930740555
able	AAAAAAAACAAAAAAA	5154	1.1033656724581051	0.8969546835266771	1.0215338187013379	1.1569294594426176	1.1064815282143663	0.8962740786628202	1.694468930740555
able	AAAAAAAACAAAAAAA	5154	1.1033656724581051	0.8969546835266771	1.0215338187013379	1.1569294594426176	1.1064815282143663	0.8962740786628202	1.694468930740555
able	AAAAAAAACAAAAAAA	5154	1.1033656724581051	0.8969546835266771	1.0215338187013379	1.1569294594426176	1.1064815282143663	0.8962740786628202	1.694468930740555
able	AAAAAAAACAAAAAAA	5154	1.1033656724581051	0.8969546835266771	1.0215338187013379	1.1569294594426176	1.1064815282143663	0.8962740786628202	1.694468930740555
able	AAAAAAAACAAAAAAA	5154	1.1033656724581051	0.8969546835266771	1.0215338187013379	1.1569294594426176	1.1064815282143663	0.8962740786628202	1.694468930740555
able	AAAAAAAACAAAAAAA	5154	1.1033656724581051	0.8969546835266771	1.0215338187013379	1.1569294594426176	1.1064815282143663	0.8962740786628202	1.694468930740555
able	AAAAAAAACAAAAAAA	5154	1.1033656724581051	0.8969546835266771	1.0215338187013379	1.1569294594426176	1.1064815282143663	0.8962740786628202	1.694468930740555
able	AAAAAAAACAAAAAAA	5154	1.1033656724581051	0.8969546835266771	1.0215338187013379	1.1569294594426176	1.1064815282143663	0.8962740786628202	1.694468930740555
able	AAAAAAAACAAAAAAA	5154	1.1033656724581051	0.8969546835266771	1.0215338187013379	1.1569294594426176	1.1064815282143663	0.8962740786628202	1.694468930740555
able	AAAAAAAACAAAAAAA	5154	1.1033656724581051	0.8969546835266771	1.0215338187013379	1.1569294594426176	1.1064815282143663	0.8962740786628202	1.694468930740555
able	AAAAAAAACAAAAAAA	5154	1.1033656724581051	0.8969546835266771	1.0215338187013379	1.1569294594426176	1.1064815282143663	0.8962740786628202	1.694468930740555
able	AAAAAAAACAAAAAAA	5154	1.1033656724581051	0.8969546835266771	1.0215338187013379	1.1569294594426176	1.1064815282143663	0.8962740786628202	1.694468930740555
able	AAAAAAAACAAAAAAA	5154	1.1033656724581051	0.8969546835266771	1.0215338187013379	1.1569294594426176	1.1064815282143663	0.8962740786628202	1.694468930740555
able	AAAAAAAACAAAAAAA	5154	1.1033656724581051	0.8969546835266771	1.0215338187013379	1.1569294594426176	1.1064815282143663	0.8962740786628202	1.694468930740555
able	AAAAAAAACAAAAAAA	5154	1.1033656724581051	0.8969546835266771	1.0215338187013379	1.1569294594426176	1.1064815282143663	0.8962740786628202	1.694468930740555
able	AAAAAAAACAAAAAAA	5154	1.1033656724581051	0.8969546835266771	1.0215338187013379	1.1569294594426176	1.1064815282143663	0.8962740786628202	1.694468930740555
able	AAAAAAAACAAAAAAA	5154	1.1033656724581051	0.8969546835266771	1.0215338187013379	1.1569294594426176	1.1064815282143663	0.8962740786628202	1.694468930740555
able	AAAAAAAACAAAAAAA	5154	1.1033656724581051	0.8969546835266771	1.0215338187013379	1.1569294594426176	1.1064815282143663	0.8962740786628202	1.694468930740555
able	AAAAAAAACAAAAAAA	5154	1.1033656724581051	0.8969546835266771	1.0215338187013379	1.1569294594426176	1.1064815282143663	0.8962740786628202	1.694468930740555
able	AAAAAAAACAAAAAAA	5154	1.1033656724581051	0.8969546835266771	1.0215338187013379	1.1569294594426176	1.1064815282143663	0.8962740786628202	1.694468930740555
able	AAAAAAAACAAAAAAA	5154	1.1033656724581051	0.8969546835266771	1.0215338187013379	1.1569294594426176	1.1064815282143663	0.8962740786628202	1.694468930740555
able	AAAAAAAACAAAAAAA	5154	1.1033656724581051	0.8969546835266771	1.0215338187013379	1.1569294594426176	1.1064815282143663	0.8962740786628202	1.694468930740555
able	AAAAAAAACAAAAAAA	5154	1.1033656724581051	0.8969546835266771	1.0215338187013379	1.1569294594426176	1.1064815282143663	0.8962740786628202	1.694468930740555
able	AAAAAAAACAAAAAAA	5154	1.1033656724581051	0.8969546835266771	1.0215338187013379	1.1569294594426176	1.1064815282143663	0.8962740786628202	1.694468930740555
able	AAAAAAAACAAAAAAA	5154	1.1033656724581051	0.8969546835266771	1.0215338187013379	1.1569294594426176	1.1064815282143663	0.8962740786628202	1.694468930740555
able	AAAAAAAACAAAAAAA	5154	1.1033656724581051	0.8969546835266771	1.0215338187013379	1.1569294594426176	1.1064815282143663	0.8962740786628202	1.694468930740555
able	AAAAAAAACAAAAAAA	5154	1.1033656724581051	0.8969546835266771	1.0215338187013379	1.1569294594426176	1.1064815282143663	0.8962740786628202	1.694468930740555
able	AAAAAAAACAAAAAAA	5154	1.1033656724581051	0.8969546835266771	1.0215338187013379	1.1569294594426176	1.1064815282143663	0.8962740786628202	1.694468930740555
able	AAAAAAAACAAAAAAA	5154	1.1033656724581051	0.8969546835266771	1.0215338187013379	1.1569294594426176	1.1064815282143663	0.8962740786628202	1.694468930740555
able	AAAAAAAACAAAAAAA	5154	1.1033656724581051	0.8969546835266771	1.0215338187013379	1.1569294594426176	1.1064815282143663	0.8962740786628202	1.694468930740555
able	AAAAAAAACAAAAAAA	5154	1.1033656724581051	0.8969546835266771	1.0215338187013379	1.1569294594426176	1.1064815282143663	0.8962740786628202	1.694468930740555
able	AAAAAAAACAAAAAAA	5154	1.1033656724581051	0.8969546835266771	1.0215338187013379	1.1569294594426176	1.1064815282143663	0.8962740786628202	1.694468930740555
able	AAAAAAAACAAAAAAA	5154	1.1033656724581051	0.8969546835266771	1.0215338187013379	1.1569294594426176	1.1064815282143663	0.8962740786628202	1.694468930740555
able	AAAAAAAACAAAAAAA	5154	1.1033656724581051	0.8969546835266771	1.0215338187013379	1.1569294594426176	1.1064815282143663	0.8962740786628202	1.694468930740555
able	AAAAAAAACAAAAAAA	5154	1.1033656724581051	0.8969546835266771	1.0215338187013379	1.1569294594426176	1.1064815282143663	0.8962740786628202	1.694468930740555
able	AAAAAAAACAAAAAAA	5154	1.1033656724581051	0.8969546835266771	1.0215338187013379	1.1569294594426176	1.1064815282143663	0.8962740786628202	1.694468930740555
able	AAAAAAAACAAAAAAA	5154	1.1033656724581051	0.8969546835266771	1.0215338187013379	1.1569294594426176	1.1064815282143663	0.8962740786628202	1.694468930740555
able	AAAAAAAACAAAAAAA	5154	1.1033656724581051	0.8969546835266771	1.0215338187013379	1.1569294594426176	1.1064815282143663	0.8962740786628202	1.694468930740555
able	AAAAAAAACAAAAAAA	5155	1.095039451260311	1.1936876345241105	0.5188679842082347	0.8923486231571779	1.1327708492959858	0.7278399445645425	1.0343724007990902
able	AAAAAAAACAAAAAAA	5155	1.095039451260311	1.1936876345241105	0.5188679842082347	0.8923486231571779	1.1327708492959858	0.7278399445645425	1.0343724007990902
able	AAAAAAAACAAAAAAA	5155	1.095039451260311	1.1936876345241105	0.5188679842082347	0.8923486231571779	1.1327708492959858	0.7278399445645425	1.0343724007990902
able	AAAAAAAACAAAAAAA	5155	1.095039451260311	1.1936876345241105	0.5188679842082347	0.8923486231571779	1.1327708492959858	0.7278399445645425	1.0343724007990902
able	AAAAAAAACAAAAAAA	5155	1.095039451260311	1.1936876345241105	0.5188679842082347	0.8923486231571779	1.1327708492959858	0.7278399445645425	1.0343724007990902
able	AAAAAAAACAAAAAAA	5155	1.095039451260311	1.1936876345241105	0.5188679842082347	0.8923486231571779	1.1327708492959858	0.7278399445645425	1.0343724007990902
able	AAAAAAAACAAAAAAA	5155	1.095039451260311	1.1936876345241105	0.5188679842082347	0.8923486231571779	1.1327708492959858	0.7278399445645425	1.0343724007990902
able	AAAAAAAACAAAAAAA	5155	1.095039451260311	1.1936876345241105	0.5188679842082347	0.8923486231571779	1.1327708492959858	0.7278399445645425	1.0343724007990902
able	AAAAAAAACAAAAAAA	5155	1.095039451260311	1.1936876345241105	0.5188679842082347	0.8923486231571779	1.1327708492959858	0.7278399445645425	1.0343724007990902
able	AAAAAAAACAAAAAAA	5155	1.095039451260311	1.1936876345241105	0.5188679842082347	0.8923486231571779	1.1327708492959858	0.7278399445645425	1.0343724007990902
able	AAAAAAAACAAAAAAA	5155	1.095039451260311	1.1936876345241105	0.5188679842082347	0.8923486231571779	1.1327708492959858	0.7278399445645425	1.0343724007990902
able	AAAAAAAACAAAAAAA	5155	1.095039451260311	1.1936876345241105	0.5188679842082347	0.8923486231571779	1.1327708492959858	0.7278399445645425	1.0343724007990902
able	AAAAAAAACAAAAAAA	5155	1.095039451260311	1.1936876345241105	0.5188679842082347	0.8923486231571779	1.1327708492959858	0.7278399445645425	1.0343724007990902
able	AAAAAAAACAAAAAAA	5155	1.095039451260311	1.1936876345241105	0.5188679842082347	0.8923486231571779	1.1327708492959858	0.7278399445645425	1.0343724007990902
able	AAAAAAAACAAAAAAA	5155	1.095039451260311	1.1936876345241105	0.5188679842082347	0.8923486231571779	1.1327708492959858	0.7278399445645425	1.0343724007990902
able	AAAAAAAACAAAAAAA	5155	1.095039451260311	1.1936876345241105	0.5188679842082347	0.8923486231571779	1.1327708492959858	0.7278399445645425	1.0343724007990902
able	AAAAAAAACAAAAAAA	5155	1.095039451260311	1.1936876345241105	0.5188679842082347	0.8923486231571779	1.1327708492959858	0.7278399445645425	1.0343724007990902
able	AAAAAAAACAAAAAAA	5155	1.095039451260311	1.1936876345241105	0.5188679842082347	0.8923486231571779	1.1327708492959858	0.7278399445645425	1.0343724007990902
able	AAAAAAAACAAAAAAA	5155	1.095039451260311	1.1936876345241105	0.5188679842082347	0.8923486231571779	1.1327708492959858	0.7278399445645425	1.0343724007990902
able	AAAAAAAACAAAAAAA	5155	1.095039451260311	1.1936876345241105	0.5188679842082347	0.8923486231571779	1.1327708492959858	0.7278399445645425	1.0343724007990902
able	AAAAAAAACAAAAAAA	5155	1.095039451260311	1.1936876345241105	0.5188679842082347	0.8923486231571779	1.1327708492959858	0.7278399445645425	1.0343724007990902
able	AAAAAAAACAAAAAAA	5155	1.095039451260311	1.1936876345241105	0.5188679842082347	0.8923486231571779	1.1327708492959858	0.7278399445645425	1.0343724007990902
able	AAAAAAAACAAAAAAA	5155	1.095039451260311	1.1936876345241105	0.5188679842082347	0.8923486231571779	1.1327708492959858	0.7278399445645425	1.0343724007990902
able	AAAAAAAACAAAAAAA	5155	1.095039451260311	1.1936876345241105	0.5188679842082347	0.8923486231571779	1.1327708492959858	0.7278399445645425	1.0343724007990902
able	AAAAAAAACAAAAAAA	5155	1.095039451260311	1.1936876345241105	0.5188679842082347	0.8923486231571779	1.1327708492959858	0.7278399445645425	1.0343724007990902
able	AAAAAAAACAAAAAAA	5155	1.095039451260311	1.1936876345241105	0.5188679842082347	0.8923486231571779	1.1327708492959858	0.7278399445645425	1.0343724007990902
able	AAAAAAAACAAAAAAA	5155	1.095039451260311	1.1936876345241105	0.5188679842082347	0.8923486231571779	1.1327708492959858	0.7278399445645425	1.0343724007990902
able	AAAAAAAACAAAAAAA	5155	1.095039451260311	1.1936876345241105	0.5188679842082347	0.8923486231571779	1.1327708492959858	0.7278399445645425	1.0343724007990902
able	AAAAAAAACAAAAAAA	5155	1.095039451260311	1.1936876345241105	0.5188679842082347	0.8923486231571779	1.1327708492959858	0.7278399445645425	1.0343724007990902
able	AAAAAAAACAAAAAAA	5155	1.095039451260311	1.1936876345241105	0.5188679842082347	0.8923486231571779	1.1327708492959858	0.7278399445645425	1.0343724007990902
able	AAAAAAAACAAAAAAA	5155	1.095039451260311	1.1936876345241105	0.5188679842082347	0.8923486231571779	1.1327708492959858	0.7278399445645425	1.0343724007990902
Time taken: 415.923 seconds, Fetched: 100 row(s)
