
Logging initialized using configuration in jar:file:/home/hadoop/.versions/hive-0.13.1/lib/hive-common-0.13.1.jar!/hive-log4j.properties
Total jobs = 6
Stage-1 is selected by condition resolver.
Launching Job 1 out of 6
Number of reduce tasks not specified. Estimated from input data size: 1
In order to change the average load for a reducer (in bytes):
  set hive.exec.reducers.bytes.per.reducer=<number>
In order to limit the maximum number of reducers:
  set hive.exec.reducers.max=<number>
In order to set a constant number of reducers:
  set mapreduce.job.reduces=<number>
Starting Job = job_1416678524241_0443, Tracking URL = http://10.69.82.228:9046/proxy/application_1416678524241_0443/
Kill Command = /home/hadoop/bin/hadoop job  -kill job_1416678524241_0443
Hadoop job information for Stage-1: number of mappers: 3; number of reducers: 1
2014-12-03 22:53:42,160 Stage-1 map = 0%,  reduce = 0%
2014-12-03 22:53:55,780 Stage-1 map = 33%,  reduce = 0%, Cumulative CPU 21.94 sec
2014-12-03 22:53:56,817 Stage-1 map = 67%,  reduce = 0%, Cumulative CPU 23.39 sec
2014-12-03 22:53:57,856 Stage-1 map = 89%,  reduce = 0%, Cumulative CPU 26.5 sec
2014-12-03 22:53:58,890 Stage-1 map = 100%,  reduce = 0%, Cumulative CPU 28.18 sec
2014-12-03 22:54:10,302 Stage-1 map = 100%,  reduce = 100%, Cumulative CPU 37.01 sec
MapReduce Total cumulative CPU time: 37 seconds 10 msec
Ended Job = job_1416678524241_0443
Stage-20 is filtered out by condition resolver.
Stage-21 is selected by condition resolver.
Stage-2 is filtered out by condition resolver.
14/12/03 22:54:14 WARN conf.Configuration: file:/mnt/var/lib/hive/tmp/local-hadoop/hive_2014-12-03_22-53-27_755_7628517236286735832-1/-local-10016/jobconf.xml:an attempt to override final parameter: mapreduce.job.end-notification.max.retry.interval;  Ignoring.
14/12/03 22:54:14 WARN conf.Configuration: file:/mnt/var/lib/hive/tmp/local-hadoop/hive_2014-12-03_22-53-27_755_7628517236286735832-1/-local-10016/jobconf.xml:an attempt to override final parameter: mapreduce.job.end-notification.max.attempts;  Ignoring.
Execution log at: /mnt/var/log/apps//hadoop-exec-hadoop_20141203225353_dbf104b2-5347-4b2a-8eff-183796cfa05e.log
2014-12-03 10:54:15	Starting to launch local task to process map join;	maximum memory = 932184064
2014-12-03 10:54:16	Dump the side-table for tag: 0 with group count: 281 into file: file:/mnt/var/lib/hive/tmp/local-hadoop/hive_2014-12-03_22-53-27_755_7628517236286735832-1/-local-10011/HashTable-Stage-14/MapJoin-mapfile30--.hashtable
2014-12-03 10:54:16	Uploaded 1 File to: file:/mnt/var/lib/hive/tmp/local-hadoop/hive_2014-12-03_22-53-27_755_7628517236286735832-1/-local-10011/HashTable-Stage-14/MapJoin-mapfile30--.hashtable (378086 bytes)
2014-12-03 10:54:16	End of local task; Time Taken: 1.711 sec.
Execution completed successfully
MapredLocal task succeeded
Launching Job 3 out of 6
Number of reduce tasks is set to 0 since there's no reduce operator
Starting Job = job_1416678524241_0444, Tracking URL = http://10.69.82.228:9046/proxy/application_1416678524241_0444/
Kill Command = /home/hadoop/bin/hadoop job  -kill job_1416678524241_0444
Hadoop job information for Stage-14: number of mappers: 1; number of reducers: 0
2014-12-03 22:54:28,515 Stage-14 map = 0%,  reduce = 0%
2014-12-03 22:54:38,898 Stage-14 map = 100%,  reduce = 0%, Cumulative CPU 4.76 sec
MapReduce Total cumulative CPU time: 4 seconds 760 msec
Ended Job = job_1416678524241_0444
14/12/03 22:54:44 WARN conf.Configuration: file:/mnt/var/lib/hive/tmp/local-hadoop/hive_2014-12-03_22-53-27_755_7628517236286735832-1/-local-10020/jobconf.xml:an attempt to override final parameter: mapreduce.job.end-notification.max.retry.interval;  Ignoring.
14/12/03 22:54:44 WARN conf.Configuration: file:/mnt/var/lib/hive/tmp/local-hadoop/hive_2014-12-03_22-53-27_755_7628517236286735832-1/-local-10020/jobconf.xml:an attempt to override final parameter: mapreduce.job.end-notification.max.attempts;  Ignoring.
Execution log at: /mnt/var/log/apps//hadoop-exec-hadoop_20141203225353_dbf104b2-5347-4b2a-8eff-183796cfa05e.log
2014-12-03 10:54:45	Starting to launch local task to process map join;	maximum memory = 932184064
2014-12-03 10:54:47	Dump the side-table for tag: 1 with group count: 299 into file: file:/mnt/var/lib/hive/tmp/local-hadoop/hive_2014-12-03_22-53-27_755_7628517236286735832-1/-local-10007/HashTable-Stage-5/MapJoin-mapfile01--.hashtable
2014-12-03 10:54:47	Uploaded 1 File to: file:/mnt/var/lib/hive/tmp/local-hadoop/hive_2014-12-03_22-53-27_755_7628517236286735832-1/-local-10007/HashTable-Stage-5/MapJoin-mapfile01--.hashtable (7901 bytes)
2014-12-03 10:54:47	Dump the side-table for tag: 1 with group count: 18000 into file: file:/mnt/var/lib/hive/tmp/local-hadoop/hive_2014-12-03_22-53-27_755_7628517236286735832-1/-local-10007/HashTable-Stage-5/MapJoin-mapfile11--.hashtable
2014-12-03 10:54:47	Uploaded 1 File to: file:/mnt/var/lib/hive/tmp/local-hadoop/hive_2014-12-03_22-53-27_755_7628517236286735832-1/-local-10007/HashTable-Stage-5/MapJoin-mapfile11--.hashtable (741094 bytes)
2014-12-03 10:54:47	End of local task; Time Taken: 1.961 sec.
Execution completed successfully
MapredLocal task succeeded
Launching Job 4 out of 6
Number of reduce tasks not specified. Estimated from input data size: 1
In order to change the average load for a reducer (in bytes):
  set hive.exec.reducers.bytes.per.reducer=<number>
In order to limit the maximum number of reducers:
  set hive.exec.reducers.max=<number>
In order to set a constant number of reducers:
  set mapreduce.job.reduces=<number>
Starting Job = job_1416678524241_0445, Tracking URL = http://10.69.82.228:9046/proxy/application_1416678524241_0445/
Kill Command = /home/hadoop/bin/hadoop job  -kill job_1416678524241_0445
Hadoop job information for Stage-5: number of mappers: 1; number of reducers: 1
2014-12-03 22:54:58,966 Stage-5 map = 0%,  reduce = 0%
2014-12-03 22:55:11,493 Stage-5 map = 100%,  reduce = 0%, Cumulative CPU 7.96 sec
2014-12-03 22:55:22,879 Stage-5 map = 100%,  reduce = 100%, Cumulative CPU 13.0 sec
MapReduce Total cumulative CPU time: 13 seconds 0 msec
Ended Job = job_1416678524241_0445
Launching Job 5 out of 6
Number of reduce tasks determined at compile time: 1
In order to change the average load for a reducer (in bytes):
  set hive.exec.reducers.bytes.per.reducer=<number>
In order to limit the maximum number of reducers:
  set hive.exec.reducers.max=<number>
In order to set a constant number of reducers:
  set mapreduce.job.reduces=<number>
Starting Job = job_1416678524241_0446, Tracking URL = http://10.69.82.228:9046/proxy/application_1416678524241_0446/
Kill Command = /home/hadoop/bin/hadoop job  -kill job_1416678524241_0446
Hadoop job information for Stage-6: number of mappers: 1; number of reducers: 1
2014-12-03 22:55:34,432 Stage-6 map = 0%,  reduce = 0%
2014-12-03 22:55:43,733 Stage-6 map = 100%,  reduce = 0%, Cumulative CPU 3.89 sec
2014-12-03 22:55:54,063 Stage-6 map = 100%,  reduce = 100%, Cumulative CPU 7.17 sec
MapReduce Total cumulative CPU time: 7 seconds 170 msec
Ended Job = job_1416678524241_0446
MapReduce Jobs Launched: 
Job 0: Map: 3  Reduce: 1   Cumulative CPU: 37.01 sec   HDFS Read: 469237328 HDFS Write: 469742 SUCCESS
Job 1: Map: 1   Cumulative CPU: 4.76 sec   HDFS Read: 10317649 HDFS Write: 525009 SUCCESS
Job 2: Map: 1  Reduce: 1   Cumulative CPU: 13.0 sec   HDFS Read: 525377 HDFS Write: 344918 SUCCESS
Job 3: Map: 1  Reduce: 1   Cumulative CPU: 7.17 sec   HDFS Read: 345286 HDFS Write: 6621 SUCCESS
Total MapReduce CPU Time Spent: 1 minutes 1 seconds 940 msec
OK
AAAAAAAAAAACAAAA	34.5	130.8849983215332	0.0	77.17500114440918
AAAAAAAAAAAEAAAA	36.0	62.58500099182129	0.0	42.27500057220459
AAAAAAAAAABBAAAA	29.0	19.479999542236328	0.0	0.1899999976158142
AAAAAAAAAABEAAAA	40.0	20.950000762939453	0.0	2.0899999141693115
AAAAAAAAAADBAAAA	4.0	183.3300018310547	0.0	130.16000366210938
AAAAAAAAAADCAAAA	1.0	155.0800018310547	0.0	105.44999694824219
AAAAAAAAAADEAAAA	26.5	49.89500045776367	0.0	24.304999351501465
AAAAAAAAAAEBAAAA	92.0	83.75	0.0	20.93000030517578
AAAAAAAAAAEDAAAA	50.5	131.53999710083008	0.0	57.489999294281006
AAAAAAAAAAFAAAAA	53.5	101.81999969482422	384.864990234375	44.62750053405762
AAAAAAAAAAFDAAAA	37.5	86.67499732971191	0.0	37.20000076293945
AAAAAAAAAAGBAAAA	79.0	151.18500137329102	0.0	113.93500137329102
AAAAAAAAAAGEAAAA	56.0	138.9499969482422	0.0	91.69999694824219
AAAAAAAAAAHAAAAA	87.5	97.11999893188477	121.66000366210938	53.09000015258789
AAAAAAAAAAHDAAAA	58.0	110.48999786376953	0.0	88.38999938964844
AAAAAAAAAAIAAAAA	73.0	49.380001068115234	0.0	42.959999084472656
AAAAAAAAAAICAAAA	26.0	91.80000305175781	0.0	61.5
AAAAAAAAAAIDAAAA	93.0	4.289999961853027	0.0	3.640000104904175
AAAAAAAAAAKAAAAA	58.0	69.02666664123535	873.530029296875	43.443333307902016
AAAAAAAAAAKBAAAA	7.0	87.58000183105469	64.05999755859375	16.639999389648438
AAAAAAAAAALAAAAA	85.0	52.40999984741211	455.5299987792969	16.239999771118164
AAAAAAAAAANAAAAA	14.0	39.11000061035156	0.0	16.420000076293945
AAAAAAAAAANBAAAA	100.0	113.66999816894531	4645.10986328125	69.33000183105469
AAAAAAAAAANDAAAA	23.0	145.5800018310547	0.0	20.3799991607666
AAAAAAAAAAOAAAAA	99.0	112.89500045776367	0.0	39.41999876499176
AAAAAAAAAAOCAAAA	55.0	109.29000091552734	0.0	95.08000183105469
AAAAAAAAAAODAAAA	58.0	75.84000205993652	0.0	31.499999523162842
AAAAAAAAAAPBAAAA	28.25	101.98250198364258	0.0	63.45999844868978
AAAAAAAAABAAAAAA	61.0	72.01000213623047	0.0	51.119998931884766
AAAAAAAAABADAAAA	19.0	14.049999713897705	0.0	11.574999690055847
AAAAAAAAABAEAAAA	21.0	54.560001373291016	0.0	24.549999237060547
AAAAAAAAABBAAAAA	68.5	25.184999465942383	0.0	8.204999923706055
AAAAAAAAABBCAAAA	55.0	95.73999786376953	2033.030029296875	94.77999877929688
AAAAAAAAABBDAAAA	12.0	130.5800018310547	0.0	48.310001373291016
AAAAAAAAABCBAAAA	85.0	105.04000091552734	569.4099731445312	11.550000190734863
AAAAAAAAABCCAAAA	60.0	41.76500129699707	0.0	23.505000114440918
AAAAAAAAABDAAAAA	13.0	181.94000244140625	808.1300048828125	121.88999938964844
AAAAAAAAABDEAAAA	1.0	12.699999809265137	0.0	8.890000343322754
AAAAAAAAABEDAAAA	40.0	96.2566655476888	655.8966573079427	70.44666798909505
AAAAAAAAABFBAAAA	6.0	133.72999572753906	0.0	54.81999969482422
AAAAAAAAABGAAAAA	69.5	60.36999988555908	2336.3349609375	32.135000228881836
AAAAAAAAABGEAAAA	74.0	48.540000915527344	0.0	32.029998779296875
AAAAAAAAABHCAAAA	48.0	100.88999938964844	0.0	49.660000483194985
AAAAAAAAABICAAAA	33.0	108.47000122070312	0.0	94.36000061035156
AAAAAAAAABJAAAAA	73.0	32.33000183105469	0.0	3.869999885559082
AAAAAAAAABJBAAAA	76.0	90.61000061035156	176.19000244140625	14.489999771118164
AAAAAAAAABKCAAAA	58.333333333333336	93.45666631062825	0.0	35.980000813802086
AAAAAAAAABLBAAAA	95.33333333333333	77.57333246866862	566.67333984375	28.97666645050049
AAAAAAAAABLCAAAA	70.0	161.6300048828125	0.0	82.43000030517578
AAAAAAAAABMBAAAA	3.0	68.68000030517578	72.0999984741211	48.06999969482422
AAAAAAAAABNAAAAA	62.5	49.250001430511475	472.239990234375	36.5949981212616
AAAAAAAAABNCAAAA	97.0	100.25	0.0	67.16000366210938
AAAAAAAAABOCAAAA	99.0	55.689998626708984	0.0	49.0
AAAAAAAAABPAAAAA	43.333333333333336	41.51333292325338	8.93999989827474	10.749999781449636
AAAAAAAAABPBAAAA	25.0	30.06999969482422	0.0	29.459999084472656
AAAAAAAAABPDAAAA	33.0	139.52000427246094	0.0	83.70999908447266
AAAAAAAAACAAAAAA	62.0	93.39500427246094	97.2300033569336	18.259999990463257
AAAAAAAAACADAAAA	85.5	88.73999786376953	476.70001220703125	77.08500099182129
AAAAAAAAACBEAAAA	30.0	68.87999725341797	0.0	6.880000114440918
AAAAAAAAACCAAAAA	52.0	136.5	1134.8599853515625	55.959999084472656
AAAAAAAAACCBAAAA	42.0	79.94999694824219	0.0	46.369998931884766
AAAAAAAAACCEAAAA	12.0	81.52999877929688	0.0	70.93000030517578
AAAAAAAAACDCAAAA	26.0	76.87999725341797	0.0	57.65999984741211
AAAAAAAAACEEAAAA	54.5	41.329999923706055	0.0	32.880001068115234
AAAAAAAAACFAAAAA	63.25	88.24999928474426	417.9674987792969	63.21249844133854
AAAAAAAAACFBAAAA	95.0	5.480000019073486	33.56999969482422	1.8600000143051147
AAAAAAAAACGCAAAA	62.5	78.42499923706055	679.3049926757812	53.655001640319824
AAAAAAAAACGDAAAA	73.0	97.54000091552734	0.0	31.209999084472656
AAAAAAAAACHCAAAA	82.0	103.83999633789062	321.760009765625	21.799999237060547
AAAAAAAAACJAAAAA	18.0	46.959999322891235	0.0	28.265000343322754
AAAAAAAAACJCAAAA	56.0	104.37000274658203	0.0	55.310001373291016
AAAAAAAAACKCAAAA	39.0	27.520000457763672	0.0	2.4700000286102295
AAAAAAAAACLAAAAA	91.5	79.69000244140625	0.0	58.35000038146973
AAAAAAAAACLBAAAA	69.0	91.16999816894531	0.0	76.58000183105469
AAAAAAAAACLDAAAA	73.5	69.0649962425232	0.0	20.730000257492065
AAAAAAAAACMAAAAA	66.5	38.325000286102295	0.0	7.4100000858306885
AAAAAAAAACNBAAAA	39.0	133.13500213623047	0.0	76.44499969482422
AAAAAAAAACNCAAAA	34.0	141.6300048828125	2390.159912109375	96.30000305175781
AAAAAAAAACODAAAA	92.0	27.079999923706055	0.0	3.7899999618530273
AAAAAAAAACPAAAAA	59.0	69.44499969482422	0.0	26.93000030517578
AAAAAAAAACPCAAAA	35.0	92.55999755859375	126.30999755859375	12.029999732971191
AAAAAAAAACPDAAAA	65.5	59.15499973297119	190.69500732421875	5.170000076293945
AAAAAAAAADABAAAA	41.0	60.540000915527344	0.0	55.689998626708984
AAAAAAAAADBBAAAA	20.0	108.13999938964844	0.0	63.79999923706055
AAAAAAAAADBDAAAA	34.5	93.19500160217285	0.0	19.304999828338623
AAAAAAAAADBEAAAA	35.0	85.44999694824219	921.719970703125	57.25
AAAAAAAAADDCAAAA	12.0	54.58000183105469	0.0	42.56999969482422
AAAAAAAAADDEAAAA	26.0	45.16999816894531	0.0	28.0
AAAAAAAAADEBAAAA	43.5	22.554999828338623	0.0	16.154999494552612
AAAAAAAAADEDAAAA	10.0	123.58000183105469	8.890000343322754	2.4700000286102295
AAAAAAAAADEEAAAA	99.0	143.97999572753906	0.0	82.05999755859375
AAAAAAAAADFCAAAA	46.5	89.41499757766724	0.0	71.00999975204468
AAAAAAAAADGBAAAA	20.0	102.29000091552734	0.0	82.8499984741211
AAAAAAAAADHBAAAA	56.5	83.83749866485596	0.0	25.450000166893005
AAAAAAAAADIAAAAA	54.0	27.979999542236328	0.0	1.3899999856948853
AAAAAAAAADICAAAA	27.0	42.4900016784668	0.0	5.940000057220459
AAAAAAAAADIDAAAA	52.5	41.109999656677246	0.0	3.8099999725818634
AAAAAAAAADKBAAAA	33.5	123.2349967956543	0.0	13.249999761581421
AAAAAAAAADKDAAAA	50.0	5.440000057220459	0.0	3.9700000286102295
AAAAAAAAADLDAAAA	5.0	105.31999969482422	0.0	93.7300033569336
Time taken: 147.434 seconds, Fetched: 100 row(s)
