
Logging initialized using configuration in jar:file:/home/hadoop/.versions/hive-0.13.1/lib/hive-common-0.13.1.jar!/hive-log4j.properties
Total jobs = 6
Stage-5 is selected by condition resolver.
Launching Job 1 out of 6
Number of reduce tasks not specified. Estimated from input data size: 1
In order to change the average load for a reducer (in bytes):
  set hive.exec.reducers.bytes.per.reducer=<number>
In order to limit the maximum number of reducers:
  set hive.exec.reducers.max=<number>
In order to set a constant number of reducers:
  set mapreduce.job.reduces=<number>
Starting Job = job_1416678524241_0282, Tracking URL = http://10.69.82.228:9046/proxy/application_1416678524241_0282/
Kill Command = /home/hadoop/bin/hadoop job  -kill job_1416678524241_0282
Hadoop job information for Stage-5: number of mappers: 3; number of reducers: 1
2014-12-03 19:53:10,356 Stage-5 map = 0%,  reduce = 0%
2014-12-03 19:53:39,759 Stage-5 map = 33%,  reduce = 0%, Cumulative CPU 18.28 sec
2014-12-03 19:53:42,865 Stage-5 map = 67%,  reduce = 0%, Cumulative CPU 23.98 sec
2014-12-03 19:53:43,901 Stage-5 map = 78%,  reduce = 0%, Cumulative CPU 26.06 sec
2014-12-03 19:53:47,003 Stage-5 map = 89%,  reduce = 0%, Cumulative CPU 27.87 sec
2014-12-03 19:53:49,089 Stage-5 map = 100%,  reduce = 0%, Cumulative CPU 29.05 sec
2014-12-03 19:53:55,331 Stage-5 map = 100%,  reduce = 100%, Cumulative CPU 38.03 sec
MapReduce Total cumulative CPU time: 38 seconds 30 msec
Ended Job = job_1416678524241_0282
Stage-19 is filtered out by condition resolver.
Stage-20 is selected by condition resolver.
Stage-6 is filtered out by condition resolver.
14/12/03 19:54:01 WARN conf.Configuration: file:/mnt/var/lib/hive/tmp/local-hadoop/hive_2014-12-03_19-52-53_677_7395796021591509935-1/-local-10016/jobconf.xml:an attempt to override final parameter: mapreduce.job.end-notification.max.retry.interval;  Ignoring.
14/12/03 19:54:01 WARN conf.Configuration: file:/mnt/var/lib/hive/tmp/local-hadoop/hive_2014-12-03_19-52-53_677_7395796021591509935-1/-local-10016/jobconf.xml:an attempt to override final parameter: mapreduce.job.end-notification.max.attempts;  Ignoring.
Execution log at: /mnt/var/log/apps//hadoop-exec-hadoop_20141203195252_a2172ae4-4598-4899-91fa-ed64f8254382.log
2014-12-03 07:54:02	Starting to launch local task to process map join;	maximum memory = 932184064
2014-12-03 07:54:04	Dump the side-table for tag: 0 with group count: 281 into file: file:/mnt/var/lib/hive/tmp/local-hadoop/hive_2014-12-03_19-52-53_677_7395796021591509935-1/-local-10011/HashTable-Stage-13/MapJoin-mapfile30--.hashtable
2014-12-03 07:54:04	Uploaded 1 File to: file:/mnt/var/lib/hive/tmp/local-hadoop/hive_2014-12-03_19-52-53_677_7395796021591509935-1/-local-10011/HashTable-Stage-13/MapJoin-mapfile30--.hashtable (372484 bytes)
2014-12-03 07:54:04	End of local task; Time Taken: 1.94 sec.
Execution completed successfully
MapredLocal task succeeded
Launching Job 3 out of 6
Number of reduce tasks is set to 0 since there's no reduce operator
Starting Job = job_1416678524241_0287, Tracking URL = http://10.69.82.228:9046/proxy/application_1416678524241_0287/
Kill Command = /home/hadoop/bin/hadoop job  -kill job_1416678524241_0287
Hadoop job information for Stage-13: number of mappers: 1; number of reducers: 0
2014-12-03 19:54:22,232 Stage-13 map = 0%,  reduce = 0%
2014-12-03 19:54:35,704 Stage-13 map = 100%,  reduce = 0%, Cumulative CPU 4.89 sec
MapReduce Total cumulative CPU time: 4 seconds 890 msec
Ended Job = job_1416678524241_0287
14/12/03 19:54:41 WARN conf.Configuration: file:/mnt/var/lib/hive/tmp/local-hadoop/hive_2014-12-03_19-52-53_677_7395796021591509935-1/-local-10020/jobconf.xml:an attempt to override final parameter: mapreduce.job.end-notification.max.retry.interval;  Ignoring.
14/12/03 19:54:41 WARN conf.Configuration: file:/mnt/var/lib/hive/tmp/local-hadoop/hive_2014-12-03_19-52-53_677_7395796021591509935-1/-local-10020/jobconf.xml:an attempt to override final parameter: mapreduce.job.end-notification.max.attempts;  Ignoring.
Execution log at: /mnt/var/log/apps//hadoop-exec-hadoop_20141203195252_a2172ae4-4598-4899-91fa-ed64f8254382.log
2014-12-03 07:54:42	Starting to launch local task to process map join;	maximum memory = 932184064
2014-12-03 07:54:43	Dump the side-table for tag: 1 with group count: 18000 into file: file:/mnt/var/lib/hive/tmp/local-hadoop/hive_2014-12-03_19-52-53_677_7395796021591509935-1/-local-10007/HashTable-Stage-3/MapJoin-mapfile01--.hashtable
2014-12-03 07:54:44	Uploaded 1 File to: file:/mnt/var/lib/hive/tmp/local-hadoop/hive_2014-12-03_19-52-53_677_7395796021591509935-1/-local-10007/HashTable-Stage-3/MapJoin-mapfile01--.hashtable (741094 bytes)
2014-12-03 07:54:44	Dump the side-table for tag: 1 with group count: 12 into file: file:/mnt/var/lib/hive/tmp/local-hadoop/hive_2014-12-03_19-52-53_677_7395796021591509935-1/-local-10007/HashTable-Stage-3/MapJoin-mapfile11--.hashtable
2014-12-03 07:54:44	Uploaded 1 File to: file:/mnt/var/lib/hive/tmp/local-hadoop/hive_2014-12-03_19-52-53_677_7395796021591509935-1/-local-10007/HashTable-Stage-3/MapJoin-mapfile11--.hashtable (539 bytes)
2014-12-03 07:54:44	End of local task; Time Taken: 1.799 sec.
Execution completed successfully
MapredLocal task succeeded
Launching Job 4 out of 6
Number of reduce tasks not specified. Estimated from input data size: 1
In order to change the average load for a reducer (in bytes):
  set hive.exec.reducers.bytes.per.reducer=<number>
In order to limit the maximum number of reducers:
  set hive.exec.reducers.max=<number>
In order to set a constant number of reducers:
  set mapreduce.job.reduces=<number>
Starting Job = job_1416678524241_0290, Tracking URL = http://10.69.82.228:9046/proxy/application_1416678524241_0290/
Kill Command = /home/hadoop/bin/hadoop job  -kill job_1416678524241_0290
Hadoop job information for Stage-3: number of mappers: 1; number of reducers: 1
2014-12-03 19:54:55,965 Stage-3 map = 0%,  reduce = 0%
2014-12-03 19:55:09,474 Stage-3 map = 67%,  reduce = 0%, Cumulative CPU 7.94 sec
2014-12-03 19:55:10,507 Stage-3 map = 100%,  reduce = 0%, Cumulative CPU 8.7 sec
2014-12-03 19:55:24,963 Stage-3 map = 100%,  reduce = 100%, Cumulative CPU 13.68 sec
MapReduce Total cumulative CPU time: 13 seconds 680 msec
Ended Job = job_1416678524241_0290
Launching Job 5 out of 6
Number of reduce tasks determined at compile time: 1
In order to change the average load for a reducer (in bytes):
  set hive.exec.reducers.bytes.per.reducer=<number>
In order to limit the maximum number of reducers:
  set hive.exec.reducers.max=<number>
In order to set a constant number of reducers:
  set mapreduce.job.reduces=<number>
Starting Job = job_1416678524241_0293, Tracking URL = http://10.69.82.228:9046/proxy/application_1416678524241_0293/
Kill Command = /home/hadoop/bin/hadoop job  -kill job_1416678524241_0293
Hadoop job information for Stage-4: number of mappers: 1; number of reducers: 1
2014-12-03 19:55:49,599 Stage-4 map = 0%,  reduce = 0%
2014-12-03 19:56:03,329 Stage-4 map = 100%,  reduce = 0%, Cumulative CPU 4.29 sec
2014-12-03 19:56:14,770 Stage-4 map = 100%,  reduce = 100%, Cumulative CPU 7.36 sec
MapReduce Total cumulative CPU time: 7 seconds 360 msec
Ended Job = job_1416678524241_0293
MapReduce Jobs Launched: 
Job 0: Map: 3  Reduce: 1   Cumulative CPU: 38.03 sec   HDFS Read: 469237328 HDFS Write: 464127 SUCCESS
Job 1: Map: 1   Cumulative CPU: 4.89 sec   HDFS Read: 10317649 HDFS Write: 519374 SUCCESS
Job 2: Map: 1  Reduce: 1   Cumulative CPU: 13.68 sec   HDFS Read: 519742 HDFS Write: 362376 SUCCESS
Job 3: Map: 1  Reduce: 1   Cumulative CPU: 7.36 sec   HDFS Read: 362744 HDFS Write: 6890 SUCCESS
Total MapReduce CPU Time Spent: 1 minutes 3 seconds 960 msec
OK
AAAAAAAAAAACAAAA	TN	34.5	130.8849983215332	0.0	77.17500114440918
AAAAAAAAAAAEAAAA	TN	36.0	62.58500099182129	0.0	42.27500057220459
AAAAAAAAAABBAAAA	TN	29.0	19.479999542236328	0.0	0.1899999976158142
AAAAAAAAAABEAAAA	TN	40.0	20.950000762939453	0.0	2.0899999141693115
AAAAAAAAAADBAAAA	TN	4.0	183.3300018310547	0.0	130.16000366210938
AAAAAAAAAADCAAAA	TN	1.0	155.0800018310547	0.0	105.44999694824219
AAAAAAAAAADEAAAA	TN	26.5	49.89500045776367	0.0	24.304999351501465
AAAAAAAAAAEBAAAA	TN	92.0	83.75	0.0	20.93000030517578
AAAAAAAAAAEDAAAA	TN	50.5	131.53999710083008	0.0	57.489999294281006
AAAAAAAAAAFAAAAA	TN	53.5	101.81999969482422	384.864990234375	44.62750053405762
AAAAAAAAAAFDAAAA	TN	37.5	86.67499732971191	0.0	37.20000076293945
AAAAAAAAAAGBAAAA	TN	79.0	151.18500137329102	0.0	113.93500137329102
AAAAAAAAAAGEAAAA	TN	56.0	138.9499969482422	0.0	91.69999694824219
AAAAAAAAAAHAAAAA	TN	87.5	97.11999893188477	121.66000366210938	53.09000015258789
AAAAAAAAAAHDAAAA	TN	58.0	110.48999786376953	0.0	88.38999938964844
AAAAAAAAAAIAAAAA	TN	73.0	49.380001068115234	0.0	42.959999084472656
AAAAAAAAAAICAAAA	TN	26.0	91.80000305175781	0.0	61.5
AAAAAAAAAAIDAAAA	TN	93.0	4.289999961853027	0.0	3.640000104904175
AAAAAAAAAAKAAAAA	TN	58.0	69.02666664123535	873.530029296875	43.443333307902016
AAAAAAAAAAKBAAAA	TN	7.0	87.58000183105469	64.05999755859375	16.639999389648438
AAAAAAAAAALAAAAA	TN	85.0	52.40999984741211	455.5299987792969	16.239999771118164
AAAAAAAAAAMCAAAA	TN	NULL	NULL	0.0	NULL
AAAAAAAAAANAAAAA	TN	14.0	39.11000061035156	0.0	16.420000076293945
AAAAAAAAAANBAAAA	TN	100.0	113.66999816894531	4645.10986328125	69.33000183105469
AAAAAAAAAANDAAAA	TN	23.0	145.5800018310547	0.0	20.3799991607666
AAAAAAAAAAOAAAAA	TN	99.0	112.89500045776367	0.0	39.41999876499176
AAAAAAAAAAOCAAAA	TN	55.0	109.29000091552734	0.0	95.08000183105469
AAAAAAAAAAODAAAA	TN	58.0	75.84000205993652	0.0	31.499999523162842
AAAAAAAAAAPBAAAA	TN	28.25	101.98250198364258	0.0	63.45999844868978
AAAAAAAAABAAAAAA	TN	61.0	72.01000213623047	0.0	51.119998931884766
AAAAAAAAABADAAAA	TN	19.0	14.049999713897705	0.0	11.574999690055847
AAAAAAAAABAEAAAA	TN	21.0	54.560001373291016	0.0	24.549999237060547
AAAAAAAAABBAAAAA	TN	68.5	25.184999465942383	0.0	8.204999923706055
AAAAAAAAABBCAAAA	TN	55.0	95.73999786376953	2033.030029296875	94.77999877929688
AAAAAAAAABBDAAAA	TN	12.0	130.5800018310547	0.0	48.310001373291016
AAAAAAAAABCBAAAA	TN	85.0	105.04000091552734	569.4099731445312	11.550000190734863
AAAAAAAAABCCAAAA	TN	60.0	41.76500129699707	0.0	23.505000114440918
AAAAAAAAABDAAAAA	TN	13.0	181.94000244140625	808.1300048828125	121.88999938964844
AAAAAAAAABDEAAAA	TN	1.0	12.699999809265137	0.0	8.890000343322754
AAAAAAAAABEDAAAA	TN	40.0	96.2566655476888	655.8966573079427	70.44666798909505
AAAAAAAAABFBAAAA	TN	6.0	133.72999572753906	0.0	54.81999969482422
AAAAAAAAABGAAAAA	TN	69.5	60.36999988555908	2336.3349609375	32.135000228881836
AAAAAAAAABGEAAAA	TN	74.0	48.540000915527344	0.0	32.029998779296875
AAAAAAAAABHCAAAA	TN	48.0	100.88999938964844	0.0	49.660000483194985
AAAAAAAAABICAAAA	TN	33.0	108.47000122070312	0.0	94.36000061035156
AAAAAAAAABJAAAAA	TN	73.0	32.33000183105469	0.0	3.869999885559082
AAAAAAAAABJBAAAA	TN	76.0	90.61000061035156	176.19000244140625	14.489999771118164
AAAAAAAAABKCAAAA	TN	58.333333333333336	93.45666631062825	0.0	35.980000813802086
AAAAAAAAABLBAAAA	TN	95.33333333333333	77.57333246866862	566.67333984375	28.97666645050049
AAAAAAAAABLCAAAA	TN	70.0	161.6300048828125	0.0	82.43000030517578
AAAAAAAAABMBAAAA	TN	3.0	68.68000030517578	72.0999984741211	48.06999969482422
AAAAAAAAABNAAAAA	TN	62.5	49.250001430511475	472.239990234375	36.5949981212616
AAAAAAAAABNCAAAA	TN	97.0	100.25	0.0	67.16000366210938
AAAAAAAAABOCAAAA	TN	99.0	55.689998626708984	0.0	49.0
AAAAAAAAABPAAAAA	TN	43.333333333333336	41.51333292325338	8.93999989827474	10.749999781449636
AAAAAAAAABPBAAAA	TN	25.0	30.06999969482422	0.0	29.459999084472656
AAAAAAAAABPDAAAA	TN	33.0	139.52000427246094	0.0	83.70999908447266
AAAAAAAAACAAAAAA	TN	62.0	93.39500427246094	97.2300033569336	18.259999990463257
AAAAAAAAACADAAAA	TN	72.0	69.37666511535645	476.70001220703125	55.78000068664551
AAAAAAAAACBEAAAA	TN	30.0	68.87999725341797	0.0	6.880000114440918
AAAAAAAAACCAAAAA	TN	52.0	136.5	1134.8599853515625	55.959999084472656
AAAAAAAAACCBAAAA	TN	42.0	79.94999694824219	0.0	46.369998931884766
AAAAAAAAACCEAAAA	TN	12.0	81.52999877929688	0.0	70.93000030517578
AAAAAAAAACDCAAAA	TN	26.0	76.87999725341797	0.0	57.65999984741211
AAAAAAAAACEEAAAA	TN	54.5	41.329999923706055	0.0	32.880001068115234
AAAAAAAAACFAAAAA	TN	63.25	88.24999928474426	417.9674987792969	63.21249844133854
AAAAAAAAACFBAAAA	TN	95.0	5.480000019073486	33.56999969482422	1.8600000143051147
AAAAAAAAACGCAAAA	TN	62.5	78.42499923706055	679.3049926757812	53.655001640319824
AAAAAAAAACGDAAAA	TN	73.0	97.54000091552734	0.0	31.209999084472656
AAAAAAAAACHCAAAA	TN	82.0	103.83999633789062	321.760009765625	21.799999237060547
AAAAAAAAACJAAAAA	TN	18.0	46.959999322891235	0.0	28.265000343322754
AAAAAAAAACJCAAAA	TN	56.0	104.37000274658203	0.0	55.310001373291016
AAAAAAAAACKCAAAA	TN	39.0	27.520000457763672	0.0	2.4700000286102295
AAAAAAAAACLAAAAA	TN	91.5	79.69000244140625	0.0	58.35000038146973
AAAAAAAAACLBAAAA	TN	69.0	91.16999816894531	0.0	76.58000183105469
AAAAAAAAACLDAAAA	TN	73.5	69.0649962425232	0.0	20.730000257492065
AAAAAAAAACMAAAAA	TN	66.5	38.325000286102295	0.0	7.4100000858306885
AAAAAAAAACNBAAAA	TN	39.0	133.13500213623047	0.0	76.44499969482422
AAAAAAAAACNCAAAA	TN	34.0	141.6300048828125	2390.159912109375	96.30000305175781
AAAAAAAAACODAAAA	TN	92.0	27.079999923706055	0.0	3.7899999618530273
AAAAAAAAACPAAAAA	TN	59.0	69.44499969482422	0.0	26.93000030517578
AAAAAAAAACPCAAAA	TN	35.0	92.55999755859375	126.30999755859375	12.029999732971191
AAAAAAAAACPDAAAA	TN	65.5	59.15499973297119	190.69500732421875	5.170000076293945
AAAAAAAAADABAAAA	TN	41.0	60.540000915527344	0.0	55.689998626708984
AAAAAAAAADBBAAAA	TN	20.0	108.13999938964844	0.0	63.79999923706055
AAAAAAAAADBDAAAA	TN	34.5	93.19500160217285	0.0	19.304999828338623
AAAAAAAAADBEAAAA	TN	35.0	85.44999694824219	921.719970703125	57.25
AAAAAAAAADDCAAAA	TN	12.0	54.58000183105469	0.0	42.56999969482422
AAAAAAAAADDEAAAA	TN	26.0	45.16999816894531	0.0	28.0
AAAAAAAAADEBAAAA	TN	43.5	22.554999828338623	0.0	16.154999494552612
AAAAAAAAADEDAAAA	TN	10.0	123.58000183105469	8.890000343322754	2.4700000286102295
AAAAAAAAADEEAAAA	TN	99.0	143.97999572753906	0.0	82.05999755859375
AAAAAAAAADFCAAAA	TN	46.5	89.41499757766724	0.0	71.00999975204468
AAAAAAAAADGBAAAA	TN	20.0	102.29000091552734	0.0	82.8499984741211
AAAAAAAAADHBAAAA	TN	56.5	83.83749866485596	0.0	25.450000166893005
AAAAAAAAADIAAAAA	TN	54.0	27.979999542236328	0.0	1.3899999856948853
AAAAAAAAADICAAAA	TN	27.0	42.4900016784668	0.0	5.940000057220459
AAAAAAAAADIDAAAA	TN	52.5	41.109999656677246	0.0	3.8099999725818634
AAAAAAAAADKBAAAA	TN	33.5	123.2349967956543	0.0	13.249999761581421
AAAAAAAAADKDAAAA	TN	50.0	5.440000057220459	0.0	3.9700000286102295
Time taken: 203.28 seconds, Fetched: 100 row(s)
