
Logging initialized using configuration in jar:file:/home/hadoop/.versions/hive-0.13.1/lib/hive-common-0.13.1.jar!/hive-log4j.properties
Total jobs = 7
Stage-21 is selected by condition resolver.
Stage-5 is filtered out by condition resolver.
14/12/03 21:44:43 WARN conf.Configuration: file:/mnt/var/lib/hive/tmp/local-hadoop/hive_2014-12-03_21-44-37_729_8607284241918863103-1/-local-10016/jobconf.xml:an attempt to override final parameter: mapreduce.job.end-notification.max.retry.interval;  Ignoring.
14/12/03 21:44:43 WARN conf.Configuration: file:/mnt/var/lib/hive/tmp/local-hadoop/hive_2014-12-03_21-44-37_729_8607284241918863103-1/-local-10016/jobconf.xml:an attempt to override final parameter: mapreduce.job.end-notification.max.attempts;  Ignoring.
Execution log at: /mnt/var/log/apps//hadoop-exec-hadoop_20141203214444_d533a055-bafe-4171-ba6b-319a398fce1e.log
2014-12-03 09:44:45	Starting to launch local task to process map join;	maximum memory = 932184064
2014-12-03 09:44:46	Dump the side-table for tag: 1 with group count: 251 into file: file:/mnt/var/lib/hive/tmp/local-hadoop/hive_2014-12-03_21-44-37_729_8607284241918863103-1/-local-10013/HashTable-Stage-15/MapJoin-mapfile41--.hashtable
2014-12-03 09:44:46	Uploaded 1 File to: file:/mnt/var/lib/hive/tmp/local-hadoop/hive_2014-12-03_21-44-37_729_8607284241918863103-1/-local-10013/HashTable-Stage-15/MapJoin-mapfile41--.hashtable (7828 bytes)
2014-12-03 09:44:46	End of local task; Time Taken: 1.97 sec.
Execution completed successfully
MapredLocal task succeeded
Launching Job 2 out of 7
Number of reduce tasks is set to 0 since there's no reduce operator
Starting Job = job_1416678524241_0405, Tracking URL = http://10.69.82.228:9046/proxy/application_1416678524241_0405/
Kill Command = /home/hadoop/bin/hadoop job  -kill job_1416678524241_0405
Hadoop job information for Stage-15: number of mappers: 2; number of reducers: 0
2014-12-03 21:45:06,339 Stage-15 map = 0%,  reduce = 0%
2014-12-03 21:45:25,098 Stage-15 map = 50%,  reduce = 0%, Cumulative CPU 13.24 sec
2014-12-03 21:45:26,138 Stage-15 map = 76%,  reduce = 0%, Cumulative CPU 16.22 sec
2014-12-03 21:45:32,342 Stage-15 map = 100%,  reduce = 0%, Cumulative CPU 19.21 sec
MapReduce Total cumulative CPU time: 19 seconds 210 msec
Ended Job = job_1416678524241_0405
14/12/03 21:45:36 WARN conf.Configuration: file:/mnt/var/lib/hive/tmp/local-hadoop/hive_2014-12-03_21-44-37_729_8607284241918863103-1/-local-10020/jobconf.xml:an attempt to override final parameter: mapreduce.job.end-notification.max.retry.interval;  Ignoring.
14/12/03 21:45:36 WARN conf.Configuration: file:/mnt/var/lib/hive/tmp/local-hadoop/hive_2014-12-03_21-44-37_729_8607284241918863103-1/-local-10020/jobconf.xml:an attempt to override final parameter: mapreduce.job.end-notification.max.attempts;  Ignoring.
Execution log at: /mnt/var/log/apps//hadoop-exec-hadoop_20141203214444_d533a055-bafe-4171-ba6b-319a398fce1e.log
2014-12-03 09:45:37	Starting to launch local task to process map join;	maximum memory = 932184064
2014-12-03 09:45:38	Dump the side-table for tag: 1 with group count: 520 into file: file:/mnt/var/lib/hive/tmp/local-hadoop/hive_2014-12-03_21-44-37_729_8607284241918863103-1/-local-10011/HashTable-Stage-2/MapJoin-mapfile21--.hashtable
2014-12-03 09:45:39	Uploaded 1 File to: file:/mnt/var/lib/hive/tmp/local-hadoop/hive_2014-12-03_21-44-37_729_8607284241918863103-1/-local-10011/HashTable-Stage-2/MapJoin-mapfile21--.hashtable (17503 bytes)
2014-12-03 09:45:39	Dump the side-table for tag: 1 with group count: 12 into file: file:/mnt/var/lib/hive/tmp/local-hadoop/hive_2014-12-03_21-44-37_729_8607284241918863103-1/-local-10011/HashTable-Stage-2/MapJoin-mapfile31--.hashtable
2014-12-03 09:45:39	Uploaded 1 File to: file:/mnt/var/lib/hive/tmp/local-hadoop/hive_2014-12-03_21-44-37_729_8607284241918863103-1/-local-10011/HashTable-Stage-2/MapJoin-mapfile31--.hashtable (719 bytes)
2014-12-03 09:45:39	End of local task; Time Taken: 1.648 sec.
Execution completed successfully
MapredLocal task succeeded
Launching Job 3 out of 7
Number of reduce tasks not specified. Estimated from input data size: 1
In order to change the average load for a reducer (in bytes):
  set hive.exec.reducers.bytes.per.reducer=<number>
In order to limit the maximum number of reducers:
  set hive.exec.reducers.max=<number>
In order to set a constant number of reducers:
  set mapreduce.job.reduces=<number>
Starting Job = job_1416678524241_0406, Tracking URL = http://10.69.82.228:9046/proxy/application_1416678524241_0406/
Kill Command = /home/hadoop/bin/hadoop job  -kill job_1416678524241_0406
Hadoop job information for Stage-2: number of mappers: 1; number of reducers: 1
2014-12-03 21:45:50,719 Stage-2 map = 0%,  reduce = 0%
2014-12-03 21:46:10,327 Stage-2 map = 44%,  reduce = 0%, Cumulative CPU 14.69 sec
2014-12-03 21:46:13,433 Stage-2 map = 100%,  reduce = 0%, Cumulative CPU 18.52 sec
2014-12-03 21:46:25,889 Stage-2 map = 100%,  reduce = 100%, Cumulative CPU 22.71 sec
MapReduce Total cumulative CPU time: 22 seconds 710 msec
Ended Job = job_1416678524241_0406
Stage-18 is filtered out by condition resolver.
Stage-19 is selected by condition resolver.
Stage-3 is filtered out by condition resolver.
14/12/03 21:46:30 WARN conf.Configuration: file:/mnt/var/lib/hive/tmp/local-hadoop/hive_2014-12-03_21-44-37_729_8607284241918863103-1/-local-10024/jobconf.xml:an attempt to override final parameter: mapreduce.job.end-notification.max.retry.interval;  Ignoring.
14/12/03 21:46:30 WARN conf.Configuration: file:/mnt/var/lib/hive/tmp/local-hadoop/hive_2014-12-03_21-44-37_729_8607284241918863103-1/-local-10024/jobconf.xml:an attempt to override final parameter: mapreduce.job.end-notification.max.attempts;  Ignoring.
Execution log at: /mnt/var/log/apps//hadoop-exec-hadoop_20141203214444_d533a055-bafe-4171-ba6b-319a398fce1e.log
2014-12-03 09:46:31	Starting to launch local task to process map join;	maximum memory = 932184064
2014-12-03 09:46:32	Dump the side-table for tag: 0 with group count: 197 into file: file:/mnt/var/lib/hive/tmp/local-hadoop/hive_2014-12-03_21-44-37_729_8607284241918863103-1/-local-10009/HashTable-Stage-11/MapJoin-mapfile10--.hashtable
2014-12-03 09:46:32	Uploaded 1 File to: file:/mnt/var/lib/hive/tmp/local-hadoop/hive_2014-12-03_21-44-37_729_8607284241918863103-1/-local-10009/HashTable-Stage-11/MapJoin-mapfile10--.hashtable (6062 bytes)
2014-12-03 09:46:32	End of local task; Time Taken: 1.091 sec.
Execution completed successfully
MapredLocal task succeeded
Launching Job 5 out of 7
Number of reduce tasks is set to 0 since there's no reduce operator
Starting Job = job_1416678524241_0407, Tracking URL = http://10.69.82.228:9046/proxy/application_1416678524241_0407/
Kill Command = /home/hadoop/bin/hadoop job  -kill job_1416678524241_0407
Hadoop job information for Stage-11: number of mappers: 1; number of reducers: 0
2014-12-03 21:46:43,599 Stage-11 map = 0%,  reduce = 0%
2014-12-03 21:46:55,083 Stage-11 map = 100%,  reduce = 0%, Cumulative CPU 4.21 sec
MapReduce Total cumulative CPU time: 4 seconds 210 msec
Ended Job = job_1416678524241_0407
Launching Job 6 out of 7
Number of reduce tasks determined at compile time: 1
In order to change the average load for a reducer (in bytes):
  set hive.exec.reducers.bytes.per.reducer=<number>
In order to limit the maximum number of reducers:
  set hive.exec.reducers.max=<number>
In order to set a constant number of reducers:
  set mapreduce.job.reduces=<number>
Starting Job = job_1416678524241_0408, Tracking URL = http://10.69.82.228:9046/proxy/application_1416678524241_0408/
Kill Command = /home/hadoop/bin/hadoop job  -kill job_1416678524241_0408
Hadoop job information for Stage-4: number of mappers: 1; number of reducers: 1
2014-12-03 21:47:07,682 Stage-4 map = 0%,  reduce = 0%
2014-12-03 21:47:17,988 Stage-4 map = 100%,  reduce = 0%, Cumulative CPU 1.94 sec
2014-12-03 21:47:28,308 Stage-4 map = 100%,  reduce = 100%, Cumulative CPU 4.49 sec
MapReduce Total cumulative CPU time: 4 seconds 490 msec
Ended Job = job_1416678524241_0408
MapReduce Jobs Launched: 
Job 0: Map: 2   Cumulative CPU: 19.21 sec   HDFS Read: 388576995 HDFS Write: 15133088 SUCCESS
Job 1: Map: 1  Reduce: 1   Cumulative CPU: 22.71 sec   HDFS Read: 15133679 HDFS Write: 5059 SUCCESS
Job 2: Map: 1   Cumulative CPU: 4.21 sec   HDFS Read: 13209583 HDFS Write: 8398 SUCCESS
Job 3: Map: 1  Reduce: 1   Cumulative CPU: 4.49 sec   HDFS Read: 8766 HDFS Write: 5825 SUCCESS
Total MapReduce CPU Time Spent: 50 seconds 620 msec
OK
			Y	16278	15
			N	55640	15
			N	220211	15
	David		Y	123691	16
	Judy	Dr.		234350	16
	Milagros			165730	15
	Roy			200033	15
	Thomas			182717	15
Acuna	Ronald	Dr.	N	119381	15
Adams	Jerry	Sir	N	216653	15
Anderson	Martha	Mrs.	N	74295	15
Anderson	Rosemarie	Mrs.	N	178489	15
Arredondo	Phyllis	Ms.	Y	226220	16
Ashton	Irma	Mrs.	Y	99233	15
Baker	Erik	Sir	Y	69511	15
Barnes	Michael	Mr.	N	168802	15
Beck	Bradley	Mr.	Y	230277	16
Bell	William	Mr.	Y	82227	15
Bergstrom	Jeanie	Mrs.	N	76869	15
Berry	Hattie	Miss	Y	237625	15
Bilodeau	Norma	Ms.	Y	136244	15
Blake	John	Mr.	N	193896	15
Blount	Frederick	Dr.	Y	225795	16
Boles	George	Sir	N	64282	15
Bolin	Yolanda	Dr.	N	13057	16
Bolton	Joseph	Dr.	Y	113894	15
Boudreaux	Melvin	Mr.	N	20716	15
Boyer	Betty	Mrs.	Y	171238	16
Bradley	Carrie	Mrs.	Y	91655	15
Brower	Donald	Dr.	N	163579	15
Brown	Frederick	Mr.	N	120037	15
Brown	Janette	Dr.	Y	7269	16
Brown	Raymond	Mr.	Y	212279	15
Brown	Roderick	Mr.	N	221290	16
Burrell	John	Sir	N	216867	16
Butler	Amos	Dr.	N	7184	15
Butler	Nicole	Dr.	N	214214	16
Campbell	Gordon	Mr.	N	196090	15
Carlson	Gwendolyn	Dr.	Y	88472	15
Carpenter	Arthur	Ms.	N	87139	15
Chang	Bradley	Sir	Y	53396	15
Chen	Brett	Mr.	N	7880	15
Clark	Meredith	Dr.	N	229216	16
Clemente	Patrick	Sir	Y	179702	15
Clements	Alexandra	Ms.	N	62560	15
Clifford	John	Sir	Y	12960	15
Cochran	Dennis	Sir	Y	94375	15
Coleman	Nancy	Ms.	N	39446	16
Collins	Patsy	Ms.	N	13775	15
Cope	Felicia	Dr.	Y	195003	15
Crocker	Patrick	Sir	N	187617	16
Crockett	John	Dr.	N	200817	16
David	Timothy	Mr.	Y	20342	16
Diaz	Brian	Mr.	N	73210	15
Driggers	Richard	Dr.	N	111693	15
Dunn	Stephen	Sir	N	32455	15
Easton	Christopher	Sir	Y	10691	15
Elliot	Mark	Mr.	Y	35782	16
Esquivel	Hee	Mrs.	Y	42741	15
Farnsworth	Danny	Mr.	Y	29979	15
Ferris	William	Sir	Y	12536	15
Finn	Margaret	Dr.	N	207070	15
Forney	Christopher	Sir	N	175230	15
Forsyth	Edward	Mr.	N	206284	15
Freeman		Mrs.	Y	175123	15
German	Katie	Dr.	N	33536	16
Gil	Yvette	Mrs.	Y	86699	15
Gillum	Luella	Ms.	Y	235550	15
Gonzalez	Junie	Ms.	Y	149298	15
Gonzalez	Ruby	Mrs.	Y	228694	15
Gordon	Larry	Sir	Y	99782	15
Grayson	Carolyn	Mrs.	N	69374	16
Hall	Roger	Mr.	N	136216	15
Hardy	Inez	Ms.	Y	104878	15
Harper	Ruth	Ms.	N	109265	15
Harrison	Jennifer	Ms.	Y	63097	15
Hawkins	Clyde	Dr.	Y	236510	15
Hayes	Johnnie	Sir	N	57732	15
Heilman	Garret	Mr.	Y	73719	16
Hernandez	Paul	Dr.	N	190691	15
Hernandez	Sandra	Dr.	Y	14252	16
Hewitt	Michelle	Dr.	N	155492	15
Horton	Michelle	Ms.	Y	112716	16
Huffman	Beverly	Ms.	Y	166660	16
Hughes	Martin	Dr.	Y	178631	15
Jackman	Ida	Dr.	Y	11753	15
Jackson	Melissa	Mrs.	Y	18023	15
James	Joanne	Dr.	N	123052	15
Johnson	Marvin	Sir	N	78926	16
Johnson	Olen	Mr.	N	12862	15
Johnson	Richard	Dr.	N	52256	15
Jones	Eleanor	Ms.	N	27477	16
Jones	Rebecca	Dr.	Y	187035	16
Justice	Marlys	Miss	N	226375	15
Kelley	Maggie	Dr.	N	169450	16
Kelly	Betty	Dr.	Y	151468	16
Kline	Donald	Mr.	Y	161957	15
Knight	Terence	Dr.	N	176372	16
Laird	Mark	Mr.	N	65882	15
Lamontagne	Adam	Mrs.	N	84116	15
Leblanc	Franklin	Sir	Y	49165	16
Lewis	Annie	Ms.	Y	131418	15
Lewis	Josephine	Ms.	N	37538	16
Lin	Robert	Dr.	Y	236887	15
Lopez	Randee	Miss	N	9979	15
Love	Sean	Mr.	N	196652	15
Lozano	Charlotte	Mrs.	Y	31661	15
Manuel	Doris	Mrs.	Y	148847	15
Marsh	Gary	Sir	Y	6580	15
Martin	Sherri	Mrs.	Y	166156	15
Mason	Richard	Sir	Y	27500	16
Mccallister	Andrew	Ms.	Y	122178	15
Mccloud	Nicholas	Mr.	Y	28001	15
Mcdonald	Araceli	Ms.	Y	121343	15
Mcgrath	Anna	Ms.	Y	25626	16
Mclane	Vicki	Mrs.	Y	111462	15
Miller	Lena	Mrs.	N	163423	16
Montgomery	Julie	Miss	N	17471	15
Moore	Jeffrey	Sir	Y	155931	15
Moore	Lorena	Mrs.	Y	47752	15
Morgan	Betty	Dr.	N	90306	15
Morris	Martina	Miss	N	32596	15
Mulligan	Mark	Sir	Y	184598	16
Munn	Kimberly	Mrs.	Y	63153	15
Neeley	Stephanie	Mrs.	N	216299	15
Palacios	Amber	Dr.	Y	225723	15
Palacios	Denise	Dr.	Y	85620	15
Parker	Edward	Mr.	Y	16039	15
Peeples	Edith	Dr.	Y	226830	15
Perry	Sarah	Ms.	N	100885	15
Phillips	Chester	Dr.	Y	125025	15
Pierce	Evelyn	Mrs.	N	226270	16
Pritchett	Marcie	Ms.	N	63897	15
Redmond	Blanche	Ms.	N	228659	16
Reece	Jimmy	Sir	N	166493	16
Reyna	Rod	Sir	N	46248	16
Riddle	Marcelino	Dr.	N	60749	15
Robbins	Elizabeth	Mrs.	N	83835	15
Robbins	Michael	Dr.	Y	42684	15
Roberts	Dorothy	Ms.	N	183154	15
Roberts	Jennifer	Miss	Y	141296	15
Roldan	Dorothy	Mrs.	N	9370	15
Russell	Tiffany	Miss	N	29323	16
Sacco	Brian	Sir	N	124398	16
Salinas	Kenneth	Dr.	Y	167446	15
Salter	Antonio	Miss	N	27497	16
Sampson	Antonio	Miss	Y	115755	15
Savage	Evelyn	Miss	Y	233051	15
Scott	Michael	Mr.	Y	104162	15
Shields	Madeline	Ms.	Y	135178	16
Shin	Jeremy	Mr.	N	14362	15
Simpson	Anthony	Mrs.	Y	221226	15
Sims	Fern	Dr.	Y	175233	15
Sims	John	Dr.	Y	113923	15
Slaughter	Richard	Mr.	Y	24547	15
Smith	Ralph	Sir	N	87132	16
Smith	Terry	Dr.	Y	16945	15
Smith	Toni	Miss	N	50011	15
Smith	Wendell	Sir	N	85496	15
Soares	Sally	Ms.	Y	203554	16
Somers	James	Dr.	N	123535	15
Spencer	Teri	Mrs.	N	28551	16
Stafford	Jerry	Mr.	Y	230470	15
Stern	Heather	Ms.	N	58559	16
Stevens	Mattie	Ms.	N	202640	15
Stewart	Gilbert	Mr.	Y	217862	15
Stewart	Pamala	Dr.	Y	34735	15
Stewart	Pamela	Mrs.	Y	88160	16
Sullivan	Amy	Dr.	N	166225	15
Swafford	Shawn	Dr.	N	79884	15
Taft	Kenneth	Dr.	N	165346	15
Taylor	Jacqueline	Mrs.	Y	89977	16
Thomas	Christel	Dr.	Y	34579	15
Thompson	Melissa	Dr.	N	162831	15
Thornton	William	Sir	Y	230436	16
Tipton	Minnie	Dr.	Y	59463	15
Tolbert	Emily	Miss	Y	40132	15
Townsend	Michelle	Mrs.	N	39872	15
Turnbull	Nancy	Mrs.	Y	216258	15
Turner	Kerry	Dr.	Y	23710	16
Valenzuela	Bryan	Sir	Y	221858	16
Vance	Josefina	Mrs.	N	147148	15
Vargas	Wanda	Mrs.	Y	62471	15
Vogel	Leroy	Sir	Y	29032	15
Walker	Richard	Sir		226475	15
Ware	Daniel	Dr.	Y	135449	16
Ware	Evelyn	Mrs.	N	173770	16
Webb	Gloria	Ms.	N	65663	15
Wetzel	Bebe	Dr.	N	82518	15
White	Andres	Sir	Y	174527	15
Whitfield	Sean	Sir	Y	61084	15
Wiggins	Kermit	Sir	N	112643	15
Wilbur	Terry	Sir	N	200312	15
Williams	Archie	Mr.	N	113007	15
Williams	Scott			136844	16
Woody	Philip	Mr.	N	211173	16
Zepeda	Tanya	Mrs.	N	18888	15
Time taken: 171.701 seconds, Fetched: 197 row(s)
