
Logging initialized using configuration in jar:file:/home/hadoop/.versions/hive-0.13.1/lib/hive-common-0.13.1.jar!/hive-log4j.properties
Total jobs = 4
Stage-12 is selected by condition resolver.
Stage-1 is filtered out by condition resolver.
14/12/03 20:16:50 WARN conf.Configuration: file:/mnt/var/lib/hive/tmp/local-hadoop/hive_2014-12-03_20-16-44_185_3894350395051172461-1/-local-10010/jobconf.xml:an attempt to override final parameter: mapreduce.job.end-notification.max.retry.interval;  Ignoring.
14/12/03 20:16:50 WARN conf.Configuration: file:/mnt/var/lib/hive/tmp/local-hadoop/hive_2014-12-03_20-16-44_185_3894350395051172461-1/-local-10010/jobconf.xml:an attempt to override final parameter: mapreduce.job.end-notification.max.attempts;  Ignoring.
Execution log at: /mnt/var/log/apps//hadoop-exec-hadoop_20141203201616_2690610c-24e0-45cf-983a-77286855f0ba.log
2014-12-03 08:16:50	Starting to launch local task to process map join;	maximum memory = 932184064
2014-12-03 08:16:52	Dump the side-table for tag: 0 with group count: 31 into file: file:/mnt/var/lib/hive/tmp/local-hadoop/hive_2014-12-03_20-16-44_185_3894350395051172461-1/-local-10007/HashTable-Stage-9/MapJoin-mapfile20--.hashtable
2014-12-03 08:16:53	Uploaded 1 File to: file:/mnt/var/lib/hive/tmp/local-hadoop/hive_2014-12-03_20-16-44_185_3894350395051172461-1/-local-10007/HashTable-Stage-9/MapJoin-mapfile20--.hashtable (1193 bytes)
2014-12-03 08:16:53	End of local task; Time Taken: 2.031 sec.
Execution completed successfully
MapredLocal task succeeded
Launching Job 2 out of 4
Number of reduce tasks is set to 0 since there's no reduce operator
Starting Job = job_1416678524241_0348, Tracking URL = http://10.69.82.228:9046/proxy/application_1416678524241_0348/
Kill Command = /home/hadoop/bin/hadoop job  -kill job_1416678524241_0348
Hadoop job information for Stage-9: number of mappers: 2; number of reducers: 0
2014-12-03 20:17:06,422 Stage-9 map = 0%,  reduce = 0%
2014-12-03 20:17:33,396 Stage-9 map = 100%,  reduce = 0%, Cumulative CPU 17.19 sec
MapReduce Total cumulative CPU time: 17 seconds 190 msec
Ended Job = job_1416678524241_0348
14/12/03 20:17:37 WARN conf.Configuration: file:/mnt/var/lib/hive/tmp/local-hadoop/hive_2014-12-03_20-16-44_185_3894350395051172461-1/-local-10014/jobconf.xml:an attempt to override final parameter: mapreduce.job.end-notification.max.retry.interval;  Ignoring.
14/12/03 20:17:37 WARN conf.Configuration: file:/mnt/var/lib/hive/tmp/local-hadoop/hive_2014-12-03_20-16-44_185_3894350395051172461-1/-local-10014/jobconf.xml:an attempt to override final parameter: mapreduce.job.end-notification.max.attempts;  Ignoring.
Execution log at: /mnt/var/log/apps//hadoop-exec-hadoop_20141203201616_2690610c-24e0-45cf-983a-77286855f0ba.log
2014-12-03 08:17:38	Starting to launch local task to process map join;	maximum memory = 932184064
2014-12-03 08:17:40	Dump the side-table for tag: 1 with group count: 168 into file: file:/mnt/var/lib/hive/tmp/local-hadoop/hive_2014-12-03_20-16-44_185_3894350395051172461-1/-local-10005/HashTable-Stage-3/MapJoin-mapfile01--.hashtable
2014-12-03 08:17:40	Uploaded 1 File to: file:/mnt/var/lib/hive/tmp/local-hadoop/hive_2014-12-03_20-16-44_185_3894350395051172461-1/-local-10005/HashTable-Stage-3/MapJoin-mapfile01--.hashtable (8041 bytes)
2014-12-03 08:17:40	End of local task; Time Taken: 1.631 sec.
Execution completed successfully
MapredLocal task succeeded
Launching Job 3 out of 4
Number of reduce tasks not specified. Estimated from input data size: 1
In order to change the average load for a reducer (in bytes):
  set hive.exec.reducers.bytes.per.reducer=<number>
In order to limit the maximum number of reducers:
  set hive.exec.reducers.max=<number>
In order to set a constant number of reducers:
  set mapreduce.job.reduces=<number>
Starting Job = job_1416678524241_0350, Tracking URL = http://10.69.82.228:9046/proxy/application_1416678524241_0350/
Kill Command = /home/hadoop/bin/hadoop job  -kill job_1416678524241_0350
Hadoop job information for Stage-3: number of mappers: 1; number of reducers: 1
2014-12-03 20:17:54,445 Stage-3 map = 0%,  reduce = 0%
2014-12-03 20:18:13,197 Stage-3 map = 100%,  reduce = 0%, Cumulative CPU 8.32 sec
2014-12-03 20:18:24,636 Stage-3 map = 100%,  reduce = 100%, Cumulative CPU 11.04 sec
MapReduce Total cumulative CPU time: 11 seconds 40 msec
Ended Job = job_1416678524241_0350
Launching Job 4 out of 4
Number of reduce tasks determined at compile time: 1
In order to change the average load for a reducer (in bytes):
  set hive.exec.reducers.bytes.per.reducer=<number>
In order to limit the maximum number of reducers:
  set hive.exec.reducers.max=<number>
In order to set a constant number of reducers:
  set mapreduce.job.reduces=<number>
Starting Job = job_1416678524241_0352, Tracking URL = http://10.69.82.228:9046/proxy/application_1416678524241_0352/
Kill Command = /home/hadoop/bin/hadoop job  -kill job_1416678524241_0352
Hadoop job information for Stage-4: number of mappers: 1; number of reducers: 1
2014-12-03 20:18:45,400 Stage-4 map = 0%,  reduce = 0%
2014-12-03 20:18:54,049 Stage-4 map = 100%,  reduce = 0%, Cumulative CPU 1.85 sec
2014-12-03 20:19:04,401 Stage-4 map = 100%,  reduce = 100%, Cumulative CPU 4.43 sec
MapReduce Total cumulative CPU time: 4 seconds 430 msec
Ended Job = job_1416678524241_0352
MapReduce Jobs Launched: 
Job 0: Map: 2   Cumulative CPU: 17.19 sec   HDFS Read: 388576995 HDFS Write: 3381007 SUCCESS
Job 1: Map: 1  Reduce: 1   Cumulative CPU: 11.04 sec   HDFS Read: 3381598 HDFS Write: 3319 SUCCESS
Job 2: Map: 1  Reduce: 1   Cumulative CPU: 4.43 sec   HDFS Read: 3687 HDFS Write: 3034 SUCCESS
Total MapReduce CPU Time Spent: 32 seconds 660 msec
OK
4003002	exportiedu pack #2	52672.750061035156
3003002	exportiexporti #2	48164.750215530396
4001002	amalgedu pack #2	44993.98992919922
9010002	univunivamalg #2	37506.33059692383
7010004	univnameless #4	36603.11030578613
3004002	edu packexporti #2	35501.72002029419
6004005	amalgmaxi #8	32556.54949951172
9015009	scholarnameless #2	31843.01011657715
9015011	importoscholar #2	31435.11009979248
6015006	scholarbrand #6	30531.22983932495
7004002	edu packbrand #2	30140.610076904297
4004002	edu packedu pack #2	29446.380180358887
3003001	scholarnameless #6	28094.609985351562
5004002	edu packscholar #2	28068.499969482422
2004001	importoimporto #2	28011.709659576416
1004001	edu packamalg #2	27736.679927945137
9001002	amalgmaxi #2	27661.38007736206
9006004	corpmaxi #4	27632.76992225647
2002002	importoimporto #2	27326.05044555664
4002001	amalgedu pack #2	27008.14959716797
1002001	maxiunivamalg #6	26788.14927959442
2003001	edu packimporto #2	26606.099849700928
5001002	amalgscholar #2	26394.459957122803
9005011	importoscholar #2	26179.67995452881
2001002	amalgimporto #2	25601.9399933815
2003001	maxinameless #6	25498.19984436035
5003001	univunivamalg #4	24757.990013599396
10014005	edu packamalgamalg #5	24432.689979553223
10004013	edu packunivamalg #13	23850.879638671875
9016009	amalgexporti #2	23621.54019165039
7004005	scholarmaxi #10	23362.43978881836
10007011	brandunivamalg #11	23204.319980621338
1003001	amalgnameless #2	20861.100059509277
8008010	namelessnameless #10	20472.320148468018
3004001	exportibrand #4	20394.830182790756
8008006	namelessnameless #6	20219.25985622406
6005004	scholarcorp #4	19625.57006072998
7014001	edu packcorp #4	19457.039764404297
2003002	exportiimporto #2	18352.800231933594
10006004	importonameless #10	18118.400188446045
1001001	importoamalgamalg #7	17690.2705078125
10014008	edu packamalgamalg #8	17495.899925231934
8013007	amalgcorp #4	16877.500239133835
4004001	amalgcorp #2	16808.6798286438
7014010	edu packnameless #10	16592.740112304688
10011016	amalgamalgamalg #16	16197.740166664124
2004002	edu packimporto #2	16099.720021247864
3004001	amalgimporto #2	14876.839813232422
5004001	scholarbrand #8	14866.069869995117
9003008	exportimaxi #8	14425.430038452148
4002001	amalgmaxi #12	14175.359956264496
10002007	maxiunivamalg #8	14063.349975585938
8013002	exportimaxi #2	13600.639923095703
3002001	exportiexporti #2	13211.450119018555
7013008	exportinameless #8	13051.789779663086
5002001	exportischolar #2	12343.860046386719
7002006	importobrand #6	11359.350036621094
6001002	amalgcorp #2	11087.159912109375
3001001	amalgamalgamalg #15	8775.900077819824
8015007	exportiamalg #2	8756.859985351562
6010006	univbrand #6	7827.640075683594
3002002	importoexporti #2	7180.799835205078
8002010	importonameless #10	6919.06005859375
5002002	importoscholar #2	6891.069976806641
6015007	scholarunivamalg #16	5732.350074768066
9012005	amalgunivamalg #16	5367.7099609375
8003010	exportinameless #10	4933.629989624023
9005010	scholarmaxi #10	4168.930084228516
6016001	importoamalg #2	4042.5600357055664
Time taken: 141.355 seconds, Fetched: 69 row(s)
